2022-03-13 03:32:02.984 [MaintenanceTimer-1-thread-1] WARN  org.mongodb.driver.connection - Exception thrown during connection pool background maintenance task
com.mongodb.MongoSecurityException: Exception authenticating MongoCredential{mechanism=SCRAM-SHA-1, userName='admin', source='admin', password=<hidden>, mechanismProperties=<hidden>}
	at com.mongodb.internal.connection.SaslAuthenticator.wrapException(SaslAuthenticator.java:173)
	at com.mongodb.internal.connection.SaslAuthenticator.access$300(SaslAuthenticator.java:40)
	at com.mongodb.internal.connection.SaslAuthenticator$1.run(SaslAuthenticator.java:70)
	at com.mongodb.internal.connection.SaslAuthenticator$1.run(SaslAuthenticator.java:47)
	at com.mongodb.internal.connection.SaslAuthenticator.doAsSubject(SaslAuthenticator.java:179)
	at com.mongodb.internal.connection.SaslAuthenticator.authenticate(SaslAuthenticator.java:47)
	at com.mongodb.internal.connection.InternalStreamConnectionInitializer.authenticateAll(InternalStreamConnectionInitializer.java:156)
	at com.mongodb.internal.connection.InternalStreamConnectionInitializer.initialize(InternalStreamConnectionInitializer.java:63)
	at com.mongodb.internal.connection.InternalStreamConnection.open(InternalStreamConnection.java:129)
	at com.mongodb.internal.connection.UsageTrackingInternalConnection.open(UsageTrackingInternalConnection.java:50)
	at com.mongodb.internal.connection.DefaultConnectionPool$UsageTrackingInternalConnectionItemFactory.create(DefaultConnectionPool.java:530)
	at com.mongodb.internal.connection.DefaultConnectionPool$UsageTrackingInternalConnectionItemFactory.create(DefaultConnectionPool.java:518)
	at com.mongodb.internal.connection.ConcurrentPool.createNewAndReleasePermitIfFailure(ConcurrentPool.java:181)
	at com.mongodb.internal.connection.ConcurrentPool.ensureMinSize(ConcurrentPool.java:175)
	at com.mongodb.internal.connection.DefaultConnectionPool$3.run(DefaultConnectionPool.java:317)
	at java.base/java.util.concurrent.Executors$RunnableAdapter.call(Executors.java:515)
	at java.base/java.util.concurrent.FutureTask.runAndReset(FutureTask.java:305)
	at java.base/java.util.concurrent.ScheduledThreadPoolExecutor$ScheduledFutureTask.run(ScheduledThreadPoolExecutor.java:305)
	at java.base/java.util.concurrent.ThreadPoolExecutor.runWorker(ThreadPoolExecutor.java:1128)
	at java.base/java.util.concurrent.ThreadPoolExecutor$Worker.run(ThreadPoolExecutor.java:628)
	at java.base/java.lang.Thread.run(Thread.java:834)
Caused by: com.mongodb.MongoSocketReadTimeoutException: Timeout while receiving message
	at com.mongodb.internal.connection.InternalStreamConnection.translateReadException(InternalStreamConnection.java:563)
	at com.mongodb.internal.connection.InternalStreamConnection.receiveMessage(InternalStreamConnection.java:448)
	at com.mongodb.internal.connection.InternalStreamConnection.receiveCommandMessageResponse(InternalStreamConnection.java:299)
	at com.mongodb.internal.connection.InternalStreamConnection.sendAndReceive(InternalStreamConnection.java:259)
	at com.mongodb.internal.connection.CommandHelper.sendAndReceive(CommandHelper.java:83)
	at com.mongodb.internal.connection.CommandHelper.executeCommand(CommandHelper.java:33)
	at com.mongodb.internal.connection.SaslAuthenticator.sendSaslStart(SaslAuthenticator.java:130)
	at com.mongodb.internal.connection.SaslAuthenticator.access$100(SaslAuthenticator.java:40)
	at com.mongodb.internal.connection.SaslAuthenticator$1.run(SaslAuthenticator.java:54)
	... 18 common frames omitted
Caused by: java.net.SocketTimeoutException: Read timed out
	at java.base/java.net.SocketInputStream.socketRead0(Native Method)
	at java.base/java.net.SocketInputStream.socketRead(SocketInputStream.java:115)
	at java.base/java.net.SocketInputStream.read(SocketInputStream.java:168)
	at java.base/java.net.SocketInputStream.read(SocketInputStream.java:140)
	at com.mongodb.internal.connection.SocketStream.read(SocketStream.java:109)
	at com.mongodb.internal.connection.InternalStreamConnection.receiveResponseBuffers(InternalStreamConnection.java:580)
	at com.mongodb.internal.connection.InternalStreamConnection.receiveMessage(InternalStreamConnection.java:445)
	... 25 common frames omitted
2022-03-13 03:32:04.500 [MaintenanceTimer-3-thread-1] WARN  org.mongodb.driver.connection - Exception thrown during connection pool background maintenance task
com.mongodb.MongoSocketReadTimeoutException: Timeout while receiving message
	at com.mongodb.internal.connection.InternalStreamConnection.translateReadException(InternalStreamConnection.java:563)
	at com.mongodb.internal.connection.InternalStreamConnection.receiveMessage(InternalStreamConnection.java:448)
	at com.mongodb.internal.connection.InternalStreamConnection.receiveCommandMessageResponse(InternalStreamConnection.java:299)
	at com.mongodb.internal.connection.InternalStreamConnection.sendAndReceive(InternalStreamConnection.java:259)
	at com.mongodb.internal.connection.CommandHelper.sendAndReceive(CommandHelper.java:83)
	at com.mongodb.internal.connection.CommandHelper.executeCommandWithoutCheckingForFailure(CommandHelper.java:44)
	at com.mongodb.internal.connection.InternalStreamConnectionInitializer.completeConnectionDescriptionInitialization(InternalStreamConnectionInitializer.java:147)
	at com.mongodb.internal.connection.InternalStreamConnectionInitializer.initialize(InternalStreamConnectionInitializer.java:64)
	at com.mongodb.internal.connection.InternalStreamConnection.open(InternalStreamConnection.java:129)
	at com.mongodb.internal.connection.UsageTrackingInternalConnection.open(UsageTrackingInternalConnection.java:50)
	at com.mongodb.internal.connection.DefaultConnectionPool$UsageTrackingInternalConnectionItemFactory.create(DefaultConnectionPool.java:530)
	at com.mongodb.internal.connection.DefaultConnectionPool$UsageTrackingInternalConnectionItemFactory.create(DefaultConnectionPool.java:518)
	at com.mongodb.internal.connection.ConcurrentPool.createNewAndReleasePermitIfFailure(ConcurrentPool.java:181)
	at com.mongodb.internal.connection.ConcurrentPool.ensureMinSize(ConcurrentPool.java:175)
	at com.mongodb.internal.connection.DefaultConnectionPool$3.run(DefaultConnectionPool.java:317)
	at java.base/java.util.concurrent.Executors$RunnableAdapter.call(Executors.java:515)
	at java.base/java.util.concurrent.FutureTask.runAndReset(FutureTask.java:305)
	at java.base/java.util.concurrent.ScheduledThreadPoolExecutor$ScheduledFutureTask.run(ScheduledThreadPoolExecutor.java:305)
	at java.base/java.util.concurrent.ThreadPoolExecutor.runWorker(ThreadPoolExecutor.java:1128)
	at java.base/java.util.concurrent.ThreadPoolExecutor$Worker.run(ThreadPoolExecutor.java:628)
	at java.base/java.lang.Thread.run(Thread.java:834)
Caused by: java.net.SocketTimeoutException: Read timed out
	at java.base/java.net.SocketInputStream.socketRead0(Native Method)
	at java.base/java.net.SocketInputStream.socketRead(SocketInputStream.java:115)
	at java.base/java.net.SocketInputStream.read(SocketInputStream.java:168)
	at java.base/java.net.SocketInputStream.read(SocketInputStream.java:140)
	at com.mongodb.internal.connection.SocketStream.read(SocketStream.java:109)
	at com.mongodb.internal.connection.InternalStreamConnection.receiveResponseBuffers(InternalStreamConnection.java:580)
	at com.mongodb.internal.connection.InternalStreamConnection.receiveMessage(InternalStreamConnection.java:445)
	... 19 common frames omitted
2022-03-13 10:36:22.460 [MaintenanceTimer-2-thread-1] WARN  org.mongodb.driver.connection - Exception thrown during connection pool background maintenance task
com.mongodb.MongoSocketReadException: Exception receiving message
	at com.mongodb.internal.connection.InternalStreamConnection.translateReadException(InternalStreamConnection.java:569)
	at com.mongodb.internal.connection.InternalStreamConnection.receiveMessage(InternalStreamConnection.java:448)
	at com.mongodb.internal.connection.InternalStreamConnection.receiveCommandMessageResponse(InternalStreamConnection.java:299)
	at com.mongodb.internal.connection.InternalStreamConnection.sendAndReceive(InternalStreamConnection.java:259)
	at com.mongodb.internal.connection.CommandHelper.sendAndReceive(CommandHelper.java:83)
	at com.mongodb.internal.connection.CommandHelper.executeCommand(CommandHelper.java:33)
	at com.mongodb.internal.connection.InternalStreamConnectionInitializer.initializeConnectionDescription(InternalStreamConnectionInitializer.java:105)
	at com.mongodb.internal.connection.InternalStreamConnectionInitializer.initialize(InternalStreamConnectionInitializer.java:62)
	at com.mongodb.internal.connection.InternalStreamConnection.open(InternalStreamConnection.java:129)
	at com.mongodb.internal.connection.UsageTrackingInternalConnection.open(UsageTrackingInternalConnection.java:50)
	at com.mongodb.internal.connection.DefaultConnectionPool$UsageTrackingInternalConnectionItemFactory.create(DefaultConnectionPool.java:530)
	at com.mongodb.internal.connection.DefaultConnectionPool$UsageTrackingInternalConnectionItemFactory.create(DefaultConnectionPool.java:518)
	at com.mongodb.internal.connection.ConcurrentPool.createNewAndReleasePermitIfFailure(ConcurrentPool.java:181)
	at com.mongodb.internal.connection.ConcurrentPool.ensureMinSize(ConcurrentPool.java:175)
	at com.mongodb.internal.connection.DefaultConnectionPool$3.run(DefaultConnectionPool.java:317)
	at java.base/java.util.concurrent.Executors$RunnableAdapter.call(Executors.java:515)
	at java.base/java.util.concurrent.FutureTask.runAndReset(FutureTask.java:305)
	at java.base/java.util.concurrent.ScheduledThreadPoolExecutor$ScheduledFutureTask.run(ScheduledThreadPoolExecutor.java:305)
	at java.base/java.util.concurrent.ThreadPoolExecutor.runWorker(ThreadPoolExecutor.java:1128)
	at java.base/java.util.concurrent.ThreadPoolExecutor$Worker.run(ThreadPoolExecutor.java:628)
	at java.base/java.lang.Thread.run(Thread.java:834)
Caused by: java.net.SocketException: Connection reset
	at java.base/java.net.SocketInputStream.read(SocketInputStream.java:186)
	at java.base/java.net.SocketInputStream.read(SocketInputStream.java:140)
	at com.mongodb.internal.connection.SocketStream.read(SocketStream.java:109)
	at com.mongodb.internal.connection.InternalStreamConnection.receiveResponseBuffers(InternalStreamConnection.java:580)
	at com.mongodb.internal.connection.InternalStreamConnection.receiveMessage(InternalStreamConnection.java:445)
	... 19 common frames omitted
2022-03-13 10:36:36.938 [MaintenanceTimer-1-thread-1] WARN  org.mongodb.driver.connection - Exception thrown during connection pool background maintenance task
com.mongodb.MongoSocketReadTimeoutException: Timeout while receiving message
	at com.mongodb.internal.connection.InternalStreamConnection.translateReadException(InternalStreamConnection.java:563)
	at com.mongodb.internal.connection.InternalStreamConnection.receiveMessage(InternalStreamConnection.java:448)
	at com.mongodb.internal.connection.InternalStreamConnection.receiveCommandMessageResponse(InternalStreamConnection.java:299)
	at com.mongodb.internal.connection.InternalStreamConnection.sendAndReceive(InternalStreamConnection.java:259)
	at com.mongodb.internal.connection.CommandHelper.sendAndReceive(CommandHelper.java:83)
	at com.mongodb.internal.connection.CommandHelper.executeCommand(CommandHelper.java:33)
	at com.mongodb.internal.connection.InternalStreamConnectionInitializer.initializeConnectionDescription(InternalStreamConnectionInitializer.java:105)
	at com.mongodb.internal.connection.InternalStreamConnectionInitializer.initialize(InternalStreamConnectionInitializer.java:62)
	at com.mongodb.internal.connection.InternalStreamConnection.open(InternalStreamConnection.java:129)
	at com.mongodb.internal.connection.UsageTrackingInternalConnection.open(UsageTrackingInternalConnection.java:50)
	at com.mongodb.internal.connection.DefaultConnectionPool$UsageTrackingInternalConnectionItemFactory.create(DefaultConnectionPool.java:530)
	at com.mongodb.internal.connection.DefaultConnectionPool$UsageTrackingInternalConnectionItemFactory.create(DefaultConnectionPool.java:518)
	at com.mongodb.internal.connection.ConcurrentPool.createNewAndReleasePermitIfFailure(ConcurrentPool.java:181)
	at com.mongodb.internal.connection.ConcurrentPool.ensureMinSize(ConcurrentPool.java:175)
	at com.mongodb.internal.connection.DefaultConnectionPool$3.run(DefaultConnectionPool.java:317)
	at java.base/java.util.concurrent.Executors$RunnableAdapter.call(Executors.java:515)
	at java.base/java.util.concurrent.FutureTask.runAndReset(FutureTask.java:305)
	at java.base/java.util.concurrent.ScheduledThreadPoolExecutor$ScheduledFutureTask.run(ScheduledThreadPoolExecutor.java:305)
	at java.base/java.util.concurrent.ThreadPoolExecutor.runWorker(ThreadPoolExecutor.java:1128)
	at java.base/java.util.concurrent.ThreadPoolExecutor$Worker.run(ThreadPoolExecutor.java:628)
	at java.base/java.lang.Thread.run(Thread.java:834)
Caused by: java.net.SocketTimeoutException: Read timed out
	at java.base/java.net.SocketInputStream.socketRead0(Native Method)
	at java.base/java.net.SocketInputStream.socketRead(SocketInputStream.java:115)
	at java.base/java.net.SocketInputStream.read(SocketInputStream.java:168)
	at java.base/java.net.SocketInputStream.read(SocketInputStream.java:140)
	at com.mongodb.internal.connection.SocketStream.read(SocketStream.java:109)
	at com.mongodb.internal.connection.InternalStreamConnection.receiveResponseBuffers(InternalStreamConnection.java:580)
	at com.mongodb.internal.connection.InternalStreamConnection.receiveMessage(InternalStreamConnection.java:445)
	... 19 common frames omitted
2022-03-13 11:40:53.775 [MaintenanceTimer-2-thread-1] WARN  org.mongodb.driver.connection - Exception thrown during connection pool background maintenance task
com.mongodb.MongoSecurityException: Exception authenticating MongoCredential{mechanism=SCRAM-SHA-1, userName='admin', source='admin', password=<hidden>, mechanismProperties=<hidden>}
	at com.mongodb.internal.connection.SaslAuthenticator.wrapException(SaslAuthenticator.java:173)
	at com.mongodb.internal.connection.SaslAuthenticator.access$300(SaslAuthenticator.java:40)
	at com.mongodb.internal.connection.SaslAuthenticator$1.run(SaslAuthenticator.java:70)
	at com.mongodb.internal.connection.SaslAuthenticator$1.run(SaslAuthenticator.java:47)
	at com.mongodb.internal.connection.SaslAuthenticator.doAsSubject(SaslAuthenticator.java:179)
	at com.mongodb.internal.connection.SaslAuthenticator.authenticate(SaslAuthenticator.java:47)
	at com.mongodb.internal.connection.InternalStreamConnectionInitializer.authenticateAll(InternalStreamConnectionInitializer.java:156)
	at com.mongodb.internal.connection.InternalStreamConnectionInitializer.initialize(InternalStreamConnectionInitializer.java:63)
	at com.mongodb.internal.connection.InternalStreamConnection.open(InternalStreamConnection.java:129)
	at com.mongodb.internal.connection.UsageTrackingInternalConnection.open(UsageTrackingInternalConnection.java:50)
	at com.mongodb.internal.connection.DefaultConnectionPool$UsageTrackingInternalConnectionItemFactory.create(DefaultConnectionPool.java:530)
	at com.mongodb.internal.connection.DefaultConnectionPool$UsageTrackingInternalConnectionItemFactory.create(DefaultConnectionPool.java:518)
	at com.mongodb.internal.connection.ConcurrentPool.createNewAndReleasePermitIfFailure(ConcurrentPool.java:181)
	at com.mongodb.internal.connection.ConcurrentPool.ensureMinSize(ConcurrentPool.java:175)
	at com.mongodb.internal.connection.DefaultConnectionPool$3.run(DefaultConnectionPool.java:317)
	at java.base/java.util.concurrent.Executors$RunnableAdapter.call(Executors.java:515)
	at java.base/java.util.concurrent.FutureTask.runAndReset(FutureTask.java:305)
	at java.base/java.util.concurrent.ScheduledThreadPoolExecutor$ScheduledFutureTask.run(ScheduledThreadPoolExecutor.java:305)
	at java.base/java.util.concurrent.ThreadPoolExecutor.runWorker(ThreadPoolExecutor.java:1128)
	at java.base/java.util.concurrent.ThreadPoolExecutor$Worker.run(ThreadPoolExecutor.java:628)
	at java.base/java.lang.Thread.run(Thread.java:834)
Caused by: com.mongodb.MongoSocketReadTimeoutException: Timeout while receiving message
	at com.mongodb.internal.connection.InternalStreamConnection.translateReadException(InternalStreamConnection.java:563)
	at com.mongodb.internal.connection.InternalStreamConnection.receiveMessage(InternalStreamConnection.java:448)
	at com.mongodb.internal.connection.InternalStreamConnection.receiveCommandMessageResponse(InternalStreamConnection.java:299)
	at com.mongodb.internal.connection.InternalStreamConnection.sendAndReceive(InternalStreamConnection.java:259)
	at com.mongodb.internal.connection.CommandHelper.sendAndReceive(CommandHelper.java:83)
	at com.mongodb.internal.connection.CommandHelper.executeCommand(CommandHelper.java:33)
	at com.mongodb.internal.connection.SaslAuthenticator.sendSaslStart(SaslAuthenticator.java:130)
	at com.mongodb.internal.connection.SaslAuthenticator.access$100(SaslAuthenticator.java:40)
	at com.mongodb.internal.connection.SaslAuthenticator$1.run(SaslAuthenticator.java:54)
	... 18 common frames omitted
Caused by: java.net.SocketTimeoutException: Read timed out
	at java.base/java.net.SocketInputStream.socketRead0(Native Method)
	at java.base/java.net.SocketInputStream.socketRead(SocketInputStream.java:115)
	at java.base/java.net.SocketInputStream.read(SocketInputStream.java:168)
	at java.base/java.net.SocketInputStream.read(SocketInputStream.java:140)
	at com.mongodb.internal.connection.SocketStream.read(SocketStream.java:109)
	at com.mongodb.internal.connection.InternalStreamConnection.receiveResponseBuffers(InternalStreamConnection.java:580)
	at com.mongodb.internal.connection.InternalStreamConnection.receiveMessage(InternalStreamConnection.java:445)
	... 25 common frames omitted
2022-03-13 11:42:58.669 [MaintenanceTimer-1-thread-1] WARN  org.mongodb.driver.connection - Exception thrown during connection pool background maintenance task
com.mongodb.MongoSecurityException: Exception authenticating MongoCredential{mechanism=SCRAM-SHA-1, userName='admin', source='admin', password=<hidden>, mechanismProperties=<hidden>}
	at com.mongodb.internal.connection.SaslAuthenticator.wrapException(SaslAuthenticator.java:173)
	at com.mongodb.internal.connection.SaslAuthenticator.access$300(SaslAuthenticator.java:40)
	at com.mongodb.internal.connection.SaslAuthenticator$1.run(SaslAuthenticator.java:70)
	at com.mongodb.internal.connection.SaslAuthenticator$1.run(SaslAuthenticator.java:47)
	at com.mongodb.internal.connection.SaslAuthenticator.doAsSubject(SaslAuthenticator.java:179)
	at com.mongodb.internal.connection.SaslAuthenticator.authenticate(SaslAuthenticator.java:47)
	at com.mongodb.internal.connection.InternalStreamConnectionInitializer.authenticateAll(InternalStreamConnectionInitializer.java:156)
	at com.mongodb.internal.connection.InternalStreamConnectionInitializer.initialize(InternalStreamConnectionInitializer.java:63)
	at com.mongodb.internal.connection.InternalStreamConnection.open(InternalStreamConnection.java:129)
	at com.mongodb.internal.connection.UsageTrackingInternalConnection.open(UsageTrackingInternalConnection.java:50)
	at com.mongodb.internal.connection.DefaultConnectionPool$UsageTrackingInternalConnectionItemFactory.create(DefaultConnectionPool.java:530)
	at com.mongodb.internal.connection.DefaultConnectionPool$UsageTrackingInternalConnectionItemFactory.create(DefaultConnectionPool.java:518)
	at com.mongodb.internal.connection.ConcurrentPool.createNewAndReleasePermitIfFailure(ConcurrentPool.java:181)
	at com.mongodb.internal.connection.ConcurrentPool.ensureMinSize(ConcurrentPool.java:175)
	at com.mongodb.internal.connection.DefaultConnectionPool$3.run(DefaultConnectionPool.java:317)
	at java.base/java.util.concurrent.Executors$RunnableAdapter.call(Executors.java:515)
	at java.base/java.util.concurrent.FutureTask.runAndReset(FutureTask.java:305)
	at java.base/java.util.concurrent.ScheduledThreadPoolExecutor$ScheduledFutureTask.run(ScheduledThreadPoolExecutor.java:305)
	at java.base/java.util.concurrent.ThreadPoolExecutor.runWorker(ThreadPoolExecutor.java:1128)
	at java.base/java.util.concurrent.ThreadPoolExecutor$Worker.run(ThreadPoolExecutor.java:628)
	at java.base/java.lang.Thread.run(Thread.java:834)
Caused by: com.mongodb.MongoSocketReadTimeoutException: Timeout while receiving message
	at com.mongodb.internal.connection.InternalStreamConnection.translateReadException(InternalStreamConnection.java:563)
	at com.mongodb.internal.connection.InternalStreamConnection.receiveMessage(InternalStreamConnection.java:448)
	at com.mongodb.internal.connection.InternalStreamConnection.receiveCommandMessageResponse(InternalStreamConnection.java:299)
	at com.mongodb.internal.connection.InternalStreamConnection.sendAndReceive(InternalStreamConnection.java:259)
	at com.mongodb.internal.connection.CommandHelper.sendAndReceive(CommandHelper.java:83)
	at com.mongodb.internal.connection.CommandHelper.executeCommand(CommandHelper.java:33)
	at com.mongodb.internal.connection.SaslAuthenticator.sendSaslStart(SaslAuthenticator.java:130)
	at com.mongodb.internal.connection.SaslAuthenticator.access$100(SaslAuthenticator.java:40)
	at com.mongodb.internal.connection.SaslAuthenticator$1.run(SaslAuthenticator.java:54)
	... 18 common frames omitted
Caused by: java.net.SocketTimeoutException: Read timed out
	at java.base/java.net.SocketInputStream.socketRead0(Native Method)
	at java.base/java.net.SocketInputStream.socketRead(SocketInputStream.java:115)
	at java.base/java.net.SocketInputStream.read(SocketInputStream.java:168)
	at java.base/java.net.SocketInputStream.read(SocketInputStream.java:140)
	at com.mongodb.internal.connection.SocketStream.read(SocketStream.java:109)
	at com.mongodb.internal.connection.InternalStreamConnection.receiveResponseBuffers(InternalStreamConnection.java:580)
	at com.mongodb.internal.connection.InternalStreamConnection.receiveMessage(InternalStreamConnection.java:445)
	... 25 common frames omitted
2022-03-13 11:48:54.197 [MaintenanceTimer-3-thread-1] WARN  org.mongodb.driver.connection - Exception thrown during connection pool background maintenance task
com.mongodb.MongoSocketReadTimeoutException: Timeout while receiving message
	at com.mongodb.internal.connection.InternalStreamConnection.translateReadException(InternalStreamConnection.java:563)
	at com.mongodb.internal.connection.InternalStreamConnection.receiveMessage(InternalStreamConnection.java:448)
	at com.mongodb.internal.connection.InternalStreamConnection.receiveCommandMessageResponse(InternalStreamConnection.java:299)
	at com.mongodb.internal.connection.InternalStreamConnection.sendAndReceive(InternalStreamConnection.java:259)
	at com.mongodb.internal.connection.CommandHelper.sendAndReceive(CommandHelper.java:83)
	at com.mongodb.internal.connection.CommandHelper.executeCommandWithoutCheckingForFailure(CommandHelper.java:44)
	at com.mongodb.internal.connection.InternalStreamConnectionInitializer.completeConnectionDescriptionInitialization(InternalStreamConnectionInitializer.java:147)
	at com.mongodb.internal.connection.InternalStreamConnectionInitializer.initialize(InternalStreamConnectionInitializer.java:64)
	at com.mongodb.internal.connection.InternalStreamConnection.open(InternalStreamConnection.java:129)
	at com.mongodb.internal.connection.UsageTrackingInternalConnection.open(UsageTrackingInternalConnection.java:50)
	at com.mongodb.internal.connection.DefaultConnectionPool$UsageTrackingInternalConnectionItemFactory.create(DefaultConnectionPool.java:530)
	at com.mongodb.internal.connection.DefaultConnectionPool$UsageTrackingInternalConnectionItemFactory.create(DefaultConnectionPool.java:518)
	at com.mongodb.internal.connection.ConcurrentPool.createNewAndReleasePermitIfFailure(ConcurrentPool.java:181)
	at com.mongodb.internal.connection.ConcurrentPool.ensureMinSize(ConcurrentPool.java:175)
	at com.mongodb.internal.connection.DefaultConnectionPool$3.run(DefaultConnectionPool.java:317)
	at java.base/java.util.concurrent.Executors$RunnableAdapter.call(Executors.java:515)
	at java.base/java.util.concurrent.FutureTask.runAndReset(FutureTask.java:305)
	at java.base/java.util.concurrent.ScheduledThreadPoolExecutor$ScheduledFutureTask.run(ScheduledThreadPoolExecutor.java:305)
	at java.base/java.util.concurrent.ThreadPoolExecutor.runWorker(ThreadPoolExecutor.java:1128)
	at java.base/java.util.concurrent.ThreadPoolExecutor$Worker.run(ThreadPoolExecutor.java:628)
	at java.base/java.lang.Thread.run(Thread.java:834)
Caused by: java.net.SocketTimeoutException: Read timed out
	at java.base/java.net.SocketInputStream.socketRead0(Native Method)
	at java.base/java.net.SocketInputStream.socketRead(SocketInputStream.java:115)
	at java.base/java.net.SocketInputStream.read(SocketInputStream.java:168)
	at java.base/java.net.SocketInputStream.read(SocketInputStream.java:140)
	at com.mongodb.internal.connection.SocketStream.read(SocketStream.java:109)
	at com.mongodb.internal.connection.InternalStreamConnection.receiveResponseBuffers(InternalStreamConnection.java:580)
	at com.mongodb.internal.connection.InternalStreamConnection.receiveMessage(InternalStreamConnection.java:445)
	... 19 common frames omitted
2022-03-13 12:05:53.076 [http-nio-6001-exec-5] WARN  com.hz.interceptors.LogInterceptor - /DocList/addDocuments 请求耗时 23618 毫秒
2022-03-13 12:07:47.840 [MaintenanceTimer-1-thread-1] WARN  org.mongodb.driver.connection - Exception thrown during connection pool background maintenance task
com.mongodb.MongoSecurityException: Exception authenticating MongoCredential{mechanism=SCRAM-SHA-1, userName='admin', source='admin', password=<hidden>, mechanismProperties=<hidden>}
	at com.mongodb.internal.connection.SaslAuthenticator.wrapException(SaslAuthenticator.java:173)
	at com.mongodb.internal.connection.SaslAuthenticator.access$300(SaslAuthenticator.java:40)
	at com.mongodb.internal.connection.SaslAuthenticator$1.run(SaslAuthenticator.java:70)
	at com.mongodb.internal.connection.SaslAuthenticator$1.run(SaslAuthenticator.java:47)
	at com.mongodb.internal.connection.SaslAuthenticator.doAsSubject(SaslAuthenticator.java:179)
	at com.mongodb.internal.connection.SaslAuthenticator.authenticate(SaslAuthenticator.java:47)
	at com.mongodb.internal.connection.InternalStreamConnectionInitializer.authenticateAll(InternalStreamConnectionInitializer.java:156)
	at com.mongodb.internal.connection.InternalStreamConnectionInitializer.initialize(InternalStreamConnectionInitializer.java:63)
	at com.mongodb.internal.connection.InternalStreamConnection.open(InternalStreamConnection.java:129)
	at com.mongodb.internal.connection.UsageTrackingInternalConnection.open(UsageTrackingInternalConnection.java:50)
	at com.mongodb.internal.connection.DefaultConnectionPool$UsageTrackingInternalConnectionItemFactory.create(DefaultConnectionPool.java:530)
	at com.mongodb.internal.connection.DefaultConnectionPool$UsageTrackingInternalConnectionItemFactory.create(DefaultConnectionPool.java:518)
	at com.mongodb.internal.connection.ConcurrentPool.createNewAndReleasePermitIfFailure(ConcurrentPool.java:181)
	at com.mongodb.internal.connection.ConcurrentPool.ensureMinSize(ConcurrentPool.java:175)
	at com.mongodb.internal.connection.DefaultConnectionPool$3.run(DefaultConnectionPool.java:317)
	at java.base/java.util.concurrent.Executors$RunnableAdapter.call(Executors.java:515)
	at java.base/java.util.concurrent.FutureTask.runAndReset(FutureTask.java:305)
	at java.base/java.util.concurrent.ScheduledThreadPoolExecutor$ScheduledFutureTask.run(ScheduledThreadPoolExecutor.java:305)
	at java.base/java.util.concurrent.ThreadPoolExecutor.runWorker(ThreadPoolExecutor.java:1128)
	at java.base/java.util.concurrent.ThreadPoolExecutor$Worker.run(ThreadPoolExecutor.java:628)
	at java.base/java.lang.Thread.run(Thread.java:834)
Caused by: com.mongodb.MongoSocketReadTimeoutException: Timeout while receiving message
	at com.mongodb.internal.connection.InternalStreamConnection.translateReadException(InternalStreamConnection.java:563)
	at com.mongodb.internal.connection.InternalStreamConnection.receiveMessage(InternalStreamConnection.java:448)
	at com.mongodb.internal.connection.InternalStreamConnection.receiveCommandMessageResponse(InternalStreamConnection.java:299)
	at com.mongodb.internal.connection.InternalStreamConnection.sendAndReceive(InternalStreamConnection.java:259)
	at com.mongodb.internal.connection.CommandHelper.sendAndReceive(CommandHelper.java:83)
	at com.mongodb.internal.connection.CommandHelper.executeCommand(CommandHelper.java:33)
	at com.mongodb.internal.connection.SaslAuthenticator.sendSaslStart(SaslAuthenticator.java:130)
	at com.mongodb.internal.connection.SaslAuthenticator.access$100(SaslAuthenticator.java:40)
	at com.mongodb.internal.connection.SaslAuthenticator$1.run(SaslAuthenticator.java:54)
	... 18 common frames omitted
Caused by: java.net.SocketTimeoutException: Read timed out
	at java.base/java.net.SocketInputStream.socketRead0(Native Method)
	at java.base/java.net.SocketInputStream.socketRead(SocketInputStream.java:115)
	at java.base/java.net.SocketInputStream.read(SocketInputStream.java:168)
	at java.base/java.net.SocketInputStream.read(SocketInputStream.java:140)
	at com.mongodb.internal.connection.SocketStream.read(SocketStream.java:109)
	at com.mongodb.internal.connection.InternalStreamConnection.receiveResponseBuffers(InternalStreamConnection.java:580)
	at com.mongodb.internal.connection.InternalStreamConnection.receiveMessage(InternalStreamConnection.java:445)
	... 25 common frames omitted
2022-03-13 12:28:45.181 [http-nio-6001-exec-2] WARN  com.hz.interceptors.LogInterceptor - /DocList/addDocuments 请求耗时 1240061 毫秒
2022-03-13 15:23:11.118 [restartedMain] WARN  o.s.b.w.s.c.AnnotationConfigServletWebServerApplicationContext - Exception encountered during context initialization - cancelling refresh attempt: org.springframework.beans.factory.UnsatisfiedDependencyException: Error creating bean with name 'documentationPluginsBootstrapper' defined in URL [jar:file:/Users/zh/.m2/repository/io/springfox/springfox-spring-web/2.7.0/springfox-spring-web-2.7.0.jar!/springfox/documentation/spring/web/plugins/DocumentationPluginsBootstrapper.class]: Unsatisfied dependency expressed through constructor parameter 1; nested exception is org.springframework.beans.factory.UnsatisfiedDependencyException: Error creating bean with name 'webMvcRequestHandlerProvider' defined in URL [jar:file:/Users/zh/.m2/repository/io/springfox/springfox-spring-web/2.7.0/springfox-spring-web-2.7.0.jar!/springfox/documentation/spring/web/plugins/WebMvcRequestHandlerProvider.class]: Unsatisfied dependency expressed through constructor parameter 0; nested exception is org.springframework.beans.factory.BeanCreationException: Error creating bean with name 'requestMappingHandlerMapping' defined in class path resource [org/springframework/boot/autoconfigure/web/servlet/WebMvcAutoConfiguration$EnableWebMvcConfiguration.class]: Invocation of init method failed; nested exception is java.lang.IllegalStateException: Ambiguous mapping. Cannot map 'docController' method 
com.hz.controller.DocController#addDocumentsSeparator()
to {POST /DocList/addDocuments}: There is already 'docController' bean method
com.hz.controller.DocController#addDocuments() mapped.
2022-03-13 15:23:58.806 [restartedMain] WARN  o.s.b.w.s.c.AnnotationConfigServletWebServerApplicationContext - Exception encountered during context initialization - cancelling refresh attempt: org.springframework.beans.factory.UnsatisfiedDependencyException: Error creating bean with name 'documentationPluginsBootstrapper' defined in URL [jar:file:/Users/zh/.m2/repository/io/springfox/springfox-spring-web/2.7.0/springfox-spring-web-2.7.0.jar!/springfox/documentation/spring/web/plugins/DocumentationPluginsBootstrapper.class]: Unsatisfied dependency expressed through constructor parameter 1; nested exception is org.springframework.beans.factory.UnsatisfiedDependencyException: Error creating bean with name 'webMvcRequestHandlerProvider' defined in URL [jar:file:/Users/zh/.m2/repository/io/springfox/springfox-spring-web/2.7.0/springfox-spring-web-2.7.0.jar!/springfox/documentation/spring/web/plugins/WebMvcRequestHandlerProvider.class]: Unsatisfied dependency expressed through constructor parameter 0; nested exception is org.springframework.beans.factory.BeanCreationException: Error creating bean with name 'requestMappingHandlerMapping' defined in class path resource [org/springframework/boot/autoconfigure/web/servlet/WebMvcAutoConfiguration$EnableWebMvcConfiguration.class]: Invocation of init method failed; nested exception is java.lang.IllegalStateException: Ambiguous mapping. Cannot map 'docController' method 
com.hz.controller.DocController#addDocumentsSeparator()
to {POST /DocList/addDocuments}: There is already 'docController' bean method
com.hz.controller.DocController#addDocuments() mapped.
2022-03-13 15:35:29.601 [MaintenanceTimer-1-thread-1] WARN  org.mongodb.driver.connection - Exception thrown during connection pool background maintenance task
com.mongodb.MongoSecurityException: Exception authenticating MongoCredential{mechanism=SCRAM-SHA-1, userName='admin', source='admin', password=<hidden>, mechanismProperties=<hidden>}
	at com.mongodb.internal.connection.SaslAuthenticator.wrapException(SaslAuthenticator.java:173)
	at com.mongodb.internal.connection.SaslAuthenticator.access$300(SaslAuthenticator.java:40)
	at com.mongodb.internal.connection.SaslAuthenticator$1.run(SaslAuthenticator.java:70)
	at com.mongodb.internal.connection.SaslAuthenticator$1.run(SaslAuthenticator.java:47)
	at com.mongodb.internal.connection.SaslAuthenticator.doAsSubject(SaslAuthenticator.java:179)
	at com.mongodb.internal.connection.SaslAuthenticator.authenticate(SaslAuthenticator.java:47)
	at com.mongodb.internal.connection.InternalStreamConnectionInitializer.authenticateAll(InternalStreamConnectionInitializer.java:156)
	at com.mongodb.internal.connection.InternalStreamConnectionInitializer.initialize(InternalStreamConnectionInitializer.java:63)
	at com.mongodb.internal.connection.InternalStreamConnection.open(InternalStreamConnection.java:129)
	at com.mongodb.internal.connection.UsageTrackingInternalConnection.open(UsageTrackingInternalConnection.java:50)
	at com.mongodb.internal.connection.DefaultConnectionPool$UsageTrackingInternalConnectionItemFactory.create(DefaultConnectionPool.java:530)
	at com.mongodb.internal.connection.DefaultConnectionPool$UsageTrackingInternalConnectionItemFactory.create(DefaultConnectionPool.java:518)
	at com.mongodb.internal.connection.ConcurrentPool.createNewAndReleasePermitIfFailure(ConcurrentPool.java:181)
	at com.mongodb.internal.connection.ConcurrentPool.ensureMinSize(ConcurrentPool.java:175)
	at com.mongodb.internal.connection.DefaultConnectionPool$3.run(DefaultConnectionPool.java:317)
	at java.base/java.util.concurrent.Executors$RunnableAdapter.call(Executors.java:515)
	at java.base/java.util.concurrent.FutureTask.runAndReset(FutureTask.java:305)
	at java.base/java.util.concurrent.ScheduledThreadPoolExecutor$ScheduledFutureTask.run(ScheduledThreadPoolExecutor.java:305)
	at java.base/java.util.concurrent.ThreadPoolExecutor.runWorker(ThreadPoolExecutor.java:1128)
	at java.base/java.util.concurrent.ThreadPoolExecutor$Worker.run(ThreadPoolExecutor.java:628)
	at java.base/java.lang.Thread.run(Thread.java:834)
Caused by: com.mongodb.MongoSocketReadTimeoutException: Timeout while receiving message
	at com.mongodb.internal.connection.InternalStreamConnection.translateReadException(InternalStreamConnection.java:563)
	at com.mongodb.internal.connection.InternalStreamConnection.receiveMessage(InternalStreamConnection.java:448)
	at com.mongodb.internal.connection.InternalStreamConnection.receiveCommandMessageResponse(InternalStreamConnection.java:299)
	at com.mongodb.internal.connection.InternalStreamConnection.sendAndReceive(InternalStreamConnection.java:259)
	at com.mongodb.internal.connection.CommandHelper.sendAndReceive(CommandHelper.java:83)
	at com.mongodb.internal.connection.CommandHelper.executeCommand(CommandHelper.java:33)
	at com.mongodb.internal.connection.SaslAuthenticator.sendSaslStart(SaslAuthenticator.java:130)
	at com.mongodb.internal.connection.SaslAuthenticator.access$100(SaslAuthenticator.java:40)
	at com.mongodb.internal.connection.SaslAuthenticator$1.run(SaslAuthenticator.java:54)
	... 18 common frames omitted
Caused by: java.net.SocketTimeoutException: Read timed out
	at java.base/java.net.SocketInputStream.socketRead0(Native Method)
	at java.base/java.net.SocketInputStream.socketRead(SocketInputStream.java:115)
	at java.base/java.net.SocketInputStream.read(SocketInputStream.java:168)
	at java.base/java.net.SocketInputStream.read(SocketInputStream.java:140)
	at com.mongodb.internal.connection.SocketStream.read(SocketStream.java:109)
	at com.mongodb.internal.connection.InternalStreamConnection.receiveResponseBuffers(InternalStreamConnection.java:580)
	at com.mongodb.internal.connection.InternalStreamConnection.receiveMessage(InternalStreamConnection.java:445)
	... 25 common frames omitted
2022-03-13 15:37:26.721 [http-nio-6001-exec-1] WARN  com.hz.interceptors.LogInterceptor - /DocList/addDocuments 请求耗时 1553 毫秒
2022-03-13 15:38:52.029 [http-nio-6001-exec-1] WARN  com.hz.interceptors.LogInterceptor - /DocList/addDocuments 请求耗时 14041 毫秒
2022-03-13 15:40:41.723 [http-nio-6001-exec-1] WARN  com.hz.interceptors.LogInterceptor - /DocList/addDocuments 请求耗时 27803 毫秒
2022-03-13 15:46:21.334 [MaintenanceTimer-1-thread-1] WARN  org.mongodb.driver.connection - Exception thrown during connection pool background maintenance task
com.mongodb.MongoSecurityException: Exception authenticating MongoCredential{mechanism=SCRAM-SHA-1, userName='admin', source='admin', password=<hidden>, mechanismProperties=<hidden>}
	at com.mongodb.internal.connection.SaslAuthenticator.wrapException(SaslAuthenticator.java:173)
	at com.mongodb.internal.connection.SaslAuthenticator.access$300(SaslAuthenticator.java:40)
	at com.mongodb.internal.connection.SaslAuthenticator$1.run(SaslAuthenticator.java:70)
	at com.mongodb.internal.connection.SaslAuthenticator$1.run(SaslAuthenticator.java:47)
	at com.mongodb.internal.connection.SaslAuthenticator.doAsSubject(SaslAuthenticator.java:179)
	at com.mongodb.internal.connection.SaslAuthenticator.authenticate(SaslAuthenticator.java:47)
	at com.mongodb.internal.connection.InternalStreamConnectionInitializer.authenticateAll(InternalStreamConnectionInitializer.java:156)
	at com.mongodb.internal.connection.InternalStreamConnectionInitializer.initialize(InternalStreamConnectionInitializer.java:63)
	at com.mongodb.internal.connection.InternalStreamConnection.open(InternalStreamConnection.java:129)
	at com.mongodb.internal.connection.UsageTrackingInternalConnection.open(UsageTrackingInternalConnection.java:50)
	at com.mongodb.internal.connection.DefaultConnectionPool$UsageTrackingInternalConnectionItemFactory.create(DefaultConnectionPool.java:530)
	at com.mongodb.internal.connection.DefaultConnectionPool$UsageTrackingInternalConnectionItemFactory.create(DefaultConnectionPool.java:518)
	at com.mongodb.internal.connection.ConcurrentPool.createNewAndReleasePermitIfFailure(ConcurrentPool.java:181)
	at com.mongodb.internal.connection.ConcurrentPool.ensureMinSize(ConcurrentPool.java:175)
	at com.mongodb.internal.connection.DefaultConnectionPool$3.run(DefaultConnectionPool.java:317)
	at java.base/java.util.concurrent.Executors$RunnableAdapter.call(Executors.java:515)
	at java.base/java.util.concurrent.FutureTask.runAndReset(FutureTask.java:305)
	at java.base/java.util.concurrent.ScheduledThreadPoolExecutor$ScheduledFutureTask.run(ScheduledThreadPoolExecutor.java:305)
	at java.base/java.util.concurrent.ThreadPoolExecutor.runWorker(ThreadPoolExecutor.java:1128)
	at java.base/java.util.concurrent.ThreadPoolExecutor$Worker.run(ThreadPoolExecutor.java:628)
	at java.base/java.lang.Thread.run(Thread.java:834)
Caused by: com.mongodb.MongoSocketReadTimeoutException: Timeout while receiving message
	at com.mongodb.internal.connection.InternalStreamConnection.translateReadException(InternalStreamConnection.java:563)
	at com.mongodb.internal.connection.InternalStreamConnection.receiveMessage(InternalStreamConnection.java:448)
	at com.mongodb.internal.connection.InternalStreamConnection.receiveCommandMessageResponse(InternalStreamConnection.java:299)
	at com.mongodb.internal.connection.InternalStreamConnection.sendAndReceive(InternalStreamConnection.java:259)
	at com.mongodb.internal.connection.CommandHelper.sendAndReceive(CommandHelper.java:83)
	at com.mongodb.internal.connection.CommandHelper.executeCommand(CommandHelper.java:33)
	at com.mongodb.internal.connection.SaslAuthenticator.sendSaslStart(SaslAuthenticator.java:130)
	at com.mongodb.internal.connection.SaslAuthenticator.access$100(SaslAuthenticator.java:40)
	at com.mongodb.internal.connection.SaslAuthenticator$1.run(SaslAuthenticator.java:54)
	... 18 common frames omitted
Caused by: java.net.SocketTimeoutException: Read timed out
	at java.base/java.net.SocketInputStream.socketRead0(Native Method)
	at java.base/java.net.SocketInputStream.socketRead(SocketInputStream.java:115)
	at java.base/java.net.SocketInputStream.read(SocketInputStream.java:168)
	at java.base/java.net.SocketInputStream.read(SocketInputStream.java:140)
	at com.mongodb.internal.connection.SocketStream.read(SocketStream.java:109)
	at com.mongodb.internal.connection.InternalStreamConnection.receiveResponseBuffers(InternalStreamConnection.java:580)
	at com.mongodb.internal.connection.InternalStreamConnection.receiveMessage(InternalStreamConnection.java:445)
	... 25 common frames omitted
2022-03-13 16:41:17.269 [MaintenanceTimer-3-thread-1] WARN  org.mongodb.driver.connection - Exception thrown during connection pool background maintenance task
com.mongodb.MongoSocketReadTimeoutException: Timeout while receiving message
	at com.mongodb.internal.connection.InternalStreamConnection.translateReadException(InternalStreamConnection.java:563)
	at com.mongodb.internal.connection.InternalStreamConnection.receiveMessage(InternalStreamConnection.java:448)
	at com.mongodb.internal.connection.InternalStreamConnection.receiveCommandMessageResponse(InternalStreamConnection.java:299)
	at com.mongodb.internal.connection.InternalStreamConnection.sendAndReceive(InternalStreamConnection.java:259)
	at com.mongodb.internal.connection.CommandHelper.sendAndReceive(CommandHelper.java:83)
	at com.mongodb.internal.connection.CommandHelper.executeCommand(CommandHelper.java:33)
	at com.mongodb.internal.connection.InternalStreamConnectionInitializer.initializeConnectionDescription(InternalStreamConnectionInitializer.java:113)
	at com.mongodb.internal.connection.InternalStreamConnectionInitializer.initialize(InternalStreamConnectionInitializer.java:62)
	at com.mongodb.internal.connection.InternalStreamConnection.open(InternalStreamConnection.java:129)
	at com.mongodb.internal.connection.UsageTrackingInternalConnection.open(UsageTrackingInternalConnection.java:50)
	at com.mongodb.internal.connection.DefaultConnectionPool$UsageTrackingInternalConnectionItemFactory.create(DefaultConnectionPool.java:530)
	at com.mongodb.internal.connection.DefaultConnectionPool$UsageTrackingInternalConnectionItemFactory.create(DefaultConnectionPool.java:518)
	at com.mongodb.internal.connection.ConcurrentPool.createNewAndReleasePermitIfFailure(ConcurrentPool.java:181)
	at com.mongodb.internal.connection.ConcurrentPool.ensureMinSize(ConcurrentPool.java:175)
	at com.mongodb.internal.connection.DefaultConnectionPool$3.run(DefaultConnectionPool.java:317)
	at java.base/java.util.concurrent.Executors$RunnableAdapter.call(Executors.java:515)
	at java.base/java.util.concurrent.FutureTask.runAndReset(FutureTask.java:305)
	at java.base/java.util.concurrent.ScheduledThreadPoolExecutor$ScheduledFutureTask.run(ScheduledThreadPoolExecutor.java:305)
	at java.base/java.util.concurrent.ThreadPoolExecutor.runWorker(ThreadPoolExecutor.java:1128)
	at java.base/java.util.concurrent.ThreadPoolExecutor$Worker.run(ThreadPoolExecutor.java:628)
	at java.base/java.lang.Thread.run(Thread.java:834)
Caused by: java.net.SocketTimeoutException: Read timed out
	at java.base/java.net.SocketInputStream.socketRead0(Native Method)
	at java.base/java.net.SocketInputStream.socketRead(SocketInputStream.java:115)
	at java.base/java.net.SocketInputStream.read(SocketInputStream.java:168)
	at java.base/java.net.SocketInputStream.read(SocketInputStream.java:140)
	at com.mongodb.internal.connection.SocketStream.read(SocketStream.java:109)
	at com.mongodb.internal.connection.InternalStreamConnection.receiveResponseBuffers(InternalStreamConnection.java:580)
	at com.mongodb.internal.connection.InternalStreamConnection.receiveMessage(InternalStreamConnection.java:445)
	... 19 common frames omitted
2022-03-13 16:41:17.269 [MaintenanceTimer-2-thread-1] WARN  org.mongodb.driver.connection - Exception thrown during connection pool background maintenance task
com.mongodb.MongoSocketReadTimeoutException: Timeout while receiving message
	at com.mongodb.internal.connection.InternalStreamConnection.translateReadException(InternalStreamConnection.java:563)
	at com.mongodb.internal.connection.InternalStreamConnection.receiveMessage(InternalStreamConnection.java:448)
	at com.mongodb.internal.connection.InternalStreamConnection.receiveCommandMessageResponse(InternalStreamConnection.java:299)
	at com.mongodb.internal.connection.InternalStreamConnection.sendAndReceive(InternalStreamConnection.java:259)
	at com.mongodb.internal.connection.CommandHelper.sendAndReceive(CommandHelper.java:83)
	at com.mongodb.internal.connection.CommandHelper.executeCommand(CommandHelper.java:33)
	at com.mongodb.internal.connection.InternalStreamConnectionInitializer.initializeConnectionDescription(InternalStreamConnectionInitializer.java:105)
	at com.mongodb.internal.connection.InternalStreamConnectionInitializer.initialize(InternalStreamConnectionInitializer.java:62)
	at com.mongodb.internal.connection.InternalStreamConnection.open(InternalStreamConnection.java:129)
	at com.mongodb.internal.connection.UsageTrackingInternalConnection.open(UsageTrackingInternalConnection.java:50)
	at com.mongodb.internal.connection.DefaultConnectionPool$UsageTrackingInternalConnectionItemFactory.create(DefaultConnectionPool.java:530)
	at com.mongodb.internal.connection.DefaultConnectionPool$UsageTrackingInternalConnectionItemFactory.create(DefaultConnectionPool.java:518)
	at com.mongodb.internal.connection.ConcurrentPool.createNewAndReleasePermitIfFailure(ConcurrentPool.java:181)
	at com.mongodb.internal.connection.ConcurrentPool.ensureMinSize(ConcurrentPool.java:175)
	at com.mongodb.internal.connection.DefaultConnectionPool$3.run(DefaultConnectionPool.java:317)
	at java.base/java.util.concurrent.Executors$RunnableAdapter.call(Executors.java:515)
	at java.base/java.util.concurrent.FutureTask.runAndReset(FutureTask.java:305)
	at java.base/java.util.concurrent.ScheduledThreadPoolExecutor$ScheduledFutureTask.run(ScheduledThreadPoolExecutor.java:305)
	at java.base/java.util.concurrent.ThreadPoolExecutor.runWorker(ThreadPoolExecutor.java:1128)
	at java.base/java.util.concurrent.ThreadPoolExecutor$Worker.run(ThreadPoolExecutor.java:628)
	at java.base/java.lang.Thread.run(Thread.java:834)
Caused by: java.net.SocketTimeoutException: Read timed out
	at java.base/java.net.SocketInputStream.socketRead0(Native Method)
	at java.base/java.net.SocketInputStream.socketRead(SocketInputStream.java:115)
	at java.base/java.net.SocketInputStream.read(SocketInputStream.java:168)
	at java.base/java.net.SocketInputStream.read(SocketInputStream.java:140)
	at com.mongodb.internal.connection.SocketStream.read(SocketStream.java:109)
	at com.mongodb.internal.connection.InternalStreamConnection.receiveResponseBuffers(InternalStreamConnection.java:580)
	at com.mongodb.internal.connection.InternalStreamConnection.receiveMessage(InternalStreamConnection.java:445)
	... 19 common frames omitted
2022-03-13 16:41:17.269 [MaintenanceTimer-1-thread-1] WARN  org.mongodb.driver.connection - Exception thrown during connection pool background maintenance task
com.mongodb.MongoSecurityException: Exception authenticating MongoCredential{mechanism=SCRAM-SHA-1, userName='admin', source='admin', password=<hidden>, mechanismProperties=<hidden>}
	at com.mongodb.internal.connection.SaslAuthenticator.wrapException(SaslAuthenticator.java:173)
	at com.mongodb.internal.connection.SaslAuthenticator.access$300(SaslAuthenticator.java:40)
	at com.mongodb.internal.connection.SaslAuthenticator$1.run(SaslAuthenticator.java:70)
	at com.mongodb.internal.connection.SaslAuthenticator$1.run(SaslAuthenticator.java:47)
	at com.mongodb.internal.connection.SaslAuthenticator.doAsSubject(SaslAuthenticator.java:179)
	at com.mongodb.internal.connection.SaslAuthenticator.authenticate(SaslAuthenticator.java:47)
	at com.mongodb.internal.connection.InternalStreamConnectionInitializer.authenticateAll(InternalStreamConnectionInitializer.java:156)
	at com.mongodb.internal.connection.InternalStreamConnectionInitializer.initialize(InternalStreamConnectionInitializer.java:63)
	at com.mongodb.internal.connection.InternalStreamConnection.open(InternalStreamConnection.java:129)
	at com.mongodb.internal.connection.UsageTrackingInternalConnection.open(UsageTrackingInternalConnection.java:50)
	at com.mongodb.internal.connection.DefaultConnectionPool$UsageTrackingInternalConnectionItemFactory.create(DefaultConnectionPool.java:530)
	at com.mongodb.internal.connection.DefaultConnectionPool$UsageTrackingInternalConnectionItemFactory.create(DefaultConnectionPool.java:518)
	at com.mongodb.internal.connection.ConcurrentPool.createNewAndReleasePermitIfFailure(ConcurrentPool.java:181)
	at com.mongodb.internal.connection.ConcurrentPool.ensureMinSize(ConcurrentPool.java:175)
	at com.mongodb.internal.connection.DefaultConnectionPool$3.run(DefaultConnectionPool.java:317)
	at java.base/java.util.concurrent.Executors$RunnableAdapter.call(Executors.java:515)
	at java.base/java.util.concurrent.FutureTask.runAndReset(FutureTask.java:305)
	at java.base/java.util.concurrent.ScheduledThreadPoolExecutor$ScheduledFutureTask.run(ScheduledThreadPoolExecutor.java:305)
	at java.base/java.util.concurrent.ThreadPoolExecutor.runWorker(ThreadPoolExecutor.java:1128)
	at java.base/java.util.concurrent.ThreadPoolExecutor$Worker.run(ThreadPoolExecutor.java:628)
	at java.base/java.lang.Thread.run(Thread.java:834)
Caused by: com.mongodb.MongoSocketReadTimeoutException: Timeout while receiving message
	at com.mongodb.internal.connection.InternalStreamConnection.translateReadException(InternalStreamConnection.java:563)
	at com.mongodb.internal.connection.InternalStreamConnection.receiveMessage(InternalStreamConnection.java:448)
	at com.mongodb.internal.connection.InternalStreamConnection.receiveCommandMessageResponse(InternalStreamConnection.java:299)
	at com.mongodb.internal.connection.InternalStreamConnection.sendAndReceive(InternalStreamConnection.java:259)
	at com.mongodb.internal.connection.CommandHelper.sendAndReceive(CommandHelper.java:83)
	at com.mongodb.internal.connection.CommandHelper.executeCommand(CommandHelper.java:33)
	at com.mongodb.internal.connection.SaslAuthenticator.sendSaslContinue(SaslAuthenticator.java:134)
	at com.mongodb.internal.connection.SaslAuthenticator.access$200(SaslAuthenticator.java:40)
	at com.mongodb.internal.connection.SaslAuthenticator$1.run(SaslAuthenticator.java:67)
	... 18 common frames omitted
Caused by: java.net.SocketTimeoutException: Read timed out
	at java.base/java.net.SocketInputStream.socketRead0(Native Method)
	at java.base/java.net.SocketInputStream.socketRead(SocketInputStream.java:115)
	at java.base/java.net.SocketInputStream.read(SocketInputStream.java:168)
	at java.base/java.net.SocketInputStream.read(SocketInputStream.java:140)
	at com.mongodb.internal.connection.SocketStream.read(SocketStream.java:109)
	at com.mongodb.internal.connection.InternalStreamConnection.receiveResponseBuffers(InternalStreamConnection.java:580)
	at com.mongodb.internal.connection.InternalStreamConnection.receiveMessage(InternalStreamConnection.java:445)
	... 25 common frames omitted
2022-03-13 18:50:09.202 [http-nio-6001-exec-6] WARN  com.hz.interceptors.LogInterceptor - /DocList/addDocuments 请求耗时 154939 毫秒
