2022-02-19 21:16:15.923 [restartedMain] INFO  com.hz.ServerApplication - Starting ServerApplication on zdeMacBook-Pro with PID 18951 (/Users/zh/Desktop/springcloud/cloud-server6001/target/classes started by zh in /Users/zh/Desktop/springcloud)
2022-02-19 21:16:15.926 [restartedMain] INFO  com.hz.ServerApplication - The following profiles are active: @profileActive@
2022-02-19 21:16:16.030 [restartedMain] INFO  o.s.boot.devtools.restart.ChangeableUrls - The Class-Path manifest attribute in /Users/zh/.m2/repository/com/sun/xml/bind/jaxb-impl/2.3.0/jaxb-impl-2.3.0.jar referenced one or more files that do not exist: file:/Users/zh/.m2/repository/com/sun/xml/bind/jaxb-impl/2.3.0/jaxb-core.jar
2022-02-19 21:16:16.031 [restartedMain] INFO  o.s.boot.devtools.restart.ChangeableUrls - The Class-Path manifest attribute in /Users/zh/.m2/repository/com/sun/xml/bind/jaxb-core/2.3.0/jaxb-core-2.3.0.jar referenced one or more files that do not exist: file:/Users/zh/.m2/repository/com/sun/xml/bind/jaxb-core/2.3.0/jaxb-api.jar
2022-02-19 21:16:16.032 [restartedMain] INFO  o.s.b.d.env.DevToolsPropertyDefaultsPostProcessor - Devtools property defaults active! Set 'spring.devtools.add-properties' to 'false' to disable
2022-02-19 21:16:16.032 [restartedMain] INFO  o.s.b.d.env.DevToolsPropertyDefaultsPostProcessor - For additional web related logging consider setting the 'logging.level.web' property to 'DEBUG'
2022-02-19 21:16:17.783 [restartedMain] INFO  o.s.d.r.config.RepositoryConfigurationDelegate - Multiple Spring Data modules found, entering strict repository configuration mode!
2022-02-19 21:16:17.785 [restartedMain] INFO  o.s.d.r.config.RepositoryConfigurationDelegate - Bootstrapping Spring Data Redis repositories in DEFAULT mode.
2022-02-19 21:16:17.948 [restartedMain] INFO  o.s.d.r.config.RepositoryConfigurationDelegate - Finished Spring Data repository scanning in 149ms. Found 0 Redis repository interfaces.
2022-02-19 21:16:18.239 [restartedMain] INFO  o.s.c.s.PostProcessorRegistrationDelegate$BeanPostProcessorChecker - Bean 'shiroConfig' of type [com.hz.config.shiro.ShiroConfig$$EnhancerBySpringCGLIB$$7d1c1939] is not eligible for getting processed by all BeanPostProcessors (for example: not eligible for auto-proxying)
2022-02-19 21:16:18.279 [restartedMain] INFO  com.hz.config.shiro.ShiroConfig - getRealm
2022-02-19 21:16:18.288 [restartedMain] INFO  o.s.c.s.PostProcessorRegistrationDelegate$BeanPostProcessorChecker - Bean 'getRealm' of type [com.hz.config.shiro.ShiroCustomerRealm] is not eligible for getting processed by all BeanPostProcessors (for example: not eligible for auto-proxying)
2022-02-19 21:16:18.290 [restartedMain] INFO  o.s.c.s.PostProcessorRegistrationDelegate$BeanPostProcessorChecker - Bean 'sessionStorageEvaluator' of type [org.apache.shiro.web.mgt.DefaultWebSessionStorageEvaluator] is not eligible for getting processed by all BeanPostProcessors (for example: not eligible for auto-proxying)
2022-02-19 21:16:18.341 [restartedMain] INFO  o.s.c.s.PostProcessorRegistrationDelegate$BeanPostProcessorChecker - Bean 'getSecurityManager' of type [org.apache.shiro.web.mgt.DefaultWebSecurityManager] is not eligible for getting processed by all BeanPostProcessors (for example: not eligible for auto-proxying)
2022-02-19 21:16:18.341 [restartedMain] INFO  com.hz.config.shiro.ShiroConfig - ==================
2022-02-19 21:16:18.370 [restartedMain] INFO  o.s.c.s.PostProcessorRegistrationDelegate$BeanPostProcessorChecker - Bean 'authorizationAttributeSourceAdvisor' of type [org.apache.shiro.spring.security.interceptor.AuthorizationAttributeSourceAdvisor] is not eligible for getting processed by all BeanPostProcessors (for example: not eligible for auto-proxying)
2022-02-19 21:16:18.399 [restartedMain] INFO  o.s.c.s.PostProcessorRegistrationDelegate$BeanPostProcessorChecker - Bean 'org.springframework.transaction.annotation.ProxyTransactionManagementConfiguration' of type [org.springframework.transaction.annotation.ProxyTransactionManagementConfiguration] is not eligible for getting processed by all BeanPostProcessors (for example: not eligible for auto-proxying)
2022-02-19 21:16:18.808 [restartedMain] INFO  o.s.boot.web.embedded.tomcat.TomcatWebServer - Tomcat initialized with port(s): 6001 (http)
2022-02-19 21:16:18.981 [restartedMain] INFO  org.springframework.web.context.ContextLoader - Root WebApplicationContext: initialization completed in 2948 ms
2022-02-19 21:16:20.726 [restartedMain] INFO  o.s.b.actuate.endpoint.web.EndpointLinksResolver - Exposing 2 endpoint(s) beneath base path '/actuator'
2022-02-19 21:16:20.829 [restartedMain] INFO  s.d.s.w.PropertySourcedRequestMappingHandlerMapping - Mapped URL path [/v2/api-docs] onto method [springfox.documentation.swagger2.web.Swagger2Controller#getDocumentation(String, HttpServletRequest)]
2022-02-19 21:16:21.035 [restartedMain] INFO  o.s.b.d.autoconfigure.OptionalLiveReloadServer - LiveReload server is running on port 35729
2022-02-19 21:16:21.614 [restartedMain] INFO  o.s.scheduling.concurrent.ThreadPoolTaskScheduler - Initializing ExecutorService 'taskScheduler'
2022-02-19 21:16:21.820 [restartedMain] INFO  s.d.s.web.plugins.DocumentationPluginsBootstrapper - Context refreshed
2022-02-19 21:16:21.831 [restartedMain] INFO  s.d.s.web.plugins.DocumentationPluginsBootstrapper - Found 1 custom documentation plugin(s)
2022-02-19 21:16:21.879 [restartedMain] INFO  s.d.spring.web.scanners.ApiListingReferenceScanner - Scanning for api listing references
2022-02-19 21:16:22.066 [restartedMain] INFO  s.d.s.w.r.operation.CachingOperationNameGenerator - Generating unique operation named: deleteUserUsingDELETE_1
2022-02-19 21:16:22.110 [restartedMain] INFO  o.s.a.rabbit.connection.CachingConnectionFactory - Attempting to connect to: [8.142.46.67:5672]
2022-02-19 21:16:22.214 [restartedMain] INFO  o.s.a.rabbit.connection.CachingConnectionFactory - Created new connection: rabbitConnectionFactory#3f0aeb30:0/SimpleConnection@4b17786b [delegate=amqp://hz@8.142.46.67:5672/, localPort= 51927]
2022-02-19 21:16:22.564 [restartedMain] INFO  o.s.boot.web.embedded.tomcat.TomcatWebServer - Tomcat started on port(s): 6001 (http) with context path '/springboot'
2022-02-19 21:16:22.568 [restartedMain] INFO  com.hz.ServerApplication - Started ServerApplication in 7.203 seconds (JVM running for 8.198)
2022-02-19 21:16:22.694 [RMI TCP Connection(3)-192.168.31.54] INFO  org.springframework.web.servlet.DispatcherServlet - Initializing Servlet 'dispatcherServlet'
2022-02-19 21:16:22.706 [RMI TCP Connection(3)-192.168.31.54] INFO  org.springframework.web.servlet.DispatcherServlet - Completed initialization in 11 ms
2022-02-19 21:16:22.773 [RMI TCP Connection(2)-192.168.31.54] INFO  com.alibaba.druid.pool.DruidDataSource - {dataSource-1} inited
2022-02-19 21:16:24.053 [boundedElastic-1] INFO  io.lettuce.core.EpollProvider - Starting without optional epoll library
2022-02-19 21:16:24.055 [boundedElastic-1] INFO  io.lettuce.core.KqueueProvider - Starting without optional kqueue library
2022-02-19 21:16:30.006 [scheduling-1] INFO  com.hz.task.MailSendTask - 定时器任务: 2022/02/19 21:16:30
2022-02-19 21:16:30.138 [scheduling-1] INFO  com.hz.task.MailSendTask - 消息列表: []
2022-02-19 21:16:40.004 [scheduling-1] INFO  com.hz.task.MailSendTask - 定时器任务: 2022/02/19 21:16:40
2022-02-19 21:16:40.071 [scheduling-1] INFO  com.hz.task.MailSendTask - 消息列表: []
2022-02-19 21:16:49.195 [Thread-4] INFO  o.s.a.r.listener.SimpleMessageListenerContainer - Waiting for workers to finish.
2022-02-19 21:16:49.597 [Thread-4] INFO  o.s.a.r.listener.SimpleMessageListenerContainer - Successfully waited for workers to finish.
2022-02-19 21:16:49.627 [Thread-4] INFO  o.s.scheduling.concurrent.ThreadPoolTaskScheduler - Shutting down ExecutorService 'taskScheduler'
2022-02-19 21:16:49.635 [Thread-4] INFO  o.s.a.r.listener.SimpleMessageListenerContainer - Shutdown ignored - container is not active already
2022-02-19 21:16:49.707 [Thread-4] INFO  com.alibaba.druid.pool.DruidDataSource - {dataSource-1} closed
2022-02-19 21:16:49.977 [restartedMain] INFO  com.hz.ServerApplication - Starting ServerApplication on zdeMacBook-Pro with PID 18951 (/Users/zh/Desktop/springcloud/cloud-server6001/target/classes started by zh in /Users/zh/Desktop/springcloud)
2022-02-19 21:16:49.977 [restartedMain] INFO  com.hz.ServerApplication - The following profiles are active: @profileActive@
2022-02-19 21:16:50.581 [restartedMain] INFO  o.s.d.r.config.RepositoryConfigurationDelegate - Multiple Spring Data modules found, entering strict repository configuration mode!
2022-02-19 21:16:50.581 [restartedMain] INFO  o.s.d.r.config.RepositoryConfigurationDelegate - Bootstrapping Spring Data Redis repositories in DEFAULT mode.
2022-02-19 21:16:50.641 [restartedMain] INFO  o.s.d.r.config.RepositoryConfigurationDelegate - Finished Spring Data repository scanning in 59ms. Found 0 Redis repository interfaces.
2022-02-19 21:16:50.765 [restartedMain] INFO  o.s.c.s.PostProcessorRegistrationDelegate$BeanPostProcessorChecker - Bean 'shiroConfig' of type [com.hz.config.shiro.ShiroConfig$$EnhancerBySpringCGLIB$$7d1c1939] is not eligible for getting processed by all BeanPostProcessors (for example: not eligible for auto-proxying)
2022-02-19 21:16:50.773 [restartedMain] INFO  com.hz.config.shiro.ShiroConfig - getRealm
2022-02-19 21:16:50.776 [restartedMain] INFO  o.s.c.s.PostProcessorRegistrationDelegate$BeanPostProcessorChecker - Bean 'getRealm' of type [com.hz.config.shiro.ShiroCustomerRealm] is not eligible for getting processed by all BeanPostProcessors (for example: not eligible for auto-proxying)
2022-02-19 21:16:50.777 [restartedMain] INFO  o.s.c.s.PostProcessorRegistrationDelegate$BeanPostProcessorChecker - Bean 'sessionStorageEvaluator' of type [org.apache.shiro.web.mgt.DefaultWebSessionStorageEvaluator] is not eligible for getting processed by all BeanPostProcessors (for example: not eligible for auto-proxying)
2022-02-19 21:16:50.779 [restartedMain] INFO  o.s.c.s.PostProcessorRegistrationDelegate$BeanPostProcessorChecker - Bean 'getSecurityManager' of type [org.apache.shiro.web.mgt.DefaultWebSecurityManager] is not eligible for getting processed by all BeanPostProcessors (for example: not eligible for auto-proxying)
2022-02-19 21:16:50.779 [restartedMain] INFO  com.hz.config.shiro.ShiroConfig - ==================
2022-02-19 21:16:50.791 [restartedMain] INFO  o.s.c.s.PostProcessorRegistrationDelegate$BeanPostProcessorChecker - Bean 'authorizationAttributeSourceAdvisor' of type [org.apache.shiro.spring.security.interceptor.AuthorizationAttributeSourceAdvisor] is not eligible for getting processed by all BeanPostProcessors (for example: not eligible for auto-proxying)
2022-02-19 21:16:50.803 [restartedMain] INFO  o.s.c.s.PostProcessorRegistrationDelegate$BeanPostProcessorChecker - Bean 'org.springframework.transaction.annotation.ProxyTransactionManagementConfiguration' of type [org.springframework.transaction.annotation.ProxyTransactionManagementConfiguration] is not eligible for getting processed by all BeanPostProcessors (for example: not eligible for auto-proxying)
2022-02-19 21:16:50.944 [restartedMain] INFO  o.s.boot.web.embedded.tomcat.TomcatWebServer - Tomcat initialized with port(s): 6001 (http)
2022-02-19 21:16:51.004 [restartedMain] INFO  org.springframework.web.context.ContextLoader - Root WebApplicationContext: initialization completed in 1024 ms
2022-02-19 21:16:52.004 [restartedMain] INFO  o.s.b.actuate.endpoint.web.EndpointLinksResolver - Exposing 2 endpoint(s) beneath base path '/actuator'
2022-02-19 21:16:52.082 [restartedMain] INFO  s.d.s.w.PropertySourcedRequestMappingHandlerMapping - Mapped URL path [/v2/api-docs] onto method [springfox.documentation.swagger2.web.Swagger2Controller#getDocumentation(String, HttpServletRequest)]
2022-02-19 21:16:52.193 [restartedMain] INFO  o.s.b.d.autoconfigure.OptionalLiveReloadServer - LiveReload server is running on port 35729
2022-02-19 21:16:52.627 [restartedMain] INFO  o.s.scheduling.concurrent.ThreadPoolTaskScheduler - Initializing ExecutorService 'taskScheduler'
2022-02-19 21:16:52.752 [restartedMain] INFO  s.d.s.web.plugins.DocumentationPluginsBootstrapper - Context refreshed
2022-02-19 21:16:52.753 [restartedMain] INFO  s.d.s.web.plugins.DocumentationPluginsBootstrapper - Found 1 custom documentation plugin(s)
2022-02-19 21:16:52.776 [restartedMain] INFO  s.d.spring.web.scanners.ApiListingReferenceScanner - Scanning for api listing references
2022-02-19 21:16:52.873 [restartedMain] INFO  s.d.s.w.r.operation.CachingOperationNameGenerator - Generating unique operation named: deleteUserUsingDELETE_1
2022-02-19 21:16:52.922 [restartedMain] INFO  o.s.a.rabbit.connection.CachingConnectionFactory - Attempting to connect to: [8.142.46.67:5672]
2022-02-19 21:16:52.994 [restartedMain] INFO  o.s.a.rabbit.connection.CachingConnectionFactory - Created new connection: rabbitConnectionFactory#25c17750:0/SimpleConnection@646f70b4 [delegate=amqp://hz@8.142.46.67:5672/, localPort= 51950]
2022-02-19 21:16:53.282 [restartedMain] INFO  o.s.boot.web.embedded.tomcat.TomcatWebServer - Tomcat started on port(s): 6001 (http) with context path '/springboot'
2022-02-19 21:16:53.283 [restartedMain] INFO  com.hz.ServerApplication - Started ServerApplication in 3.357 seconds (JVM running for 38.912)
2022-02-19 21:16:53.287 [restartedMain] INFO  o.s.b.d.a.ConditionEvaluationDeltaLoggingListener - Condition evaluation unchanged
2022-02-19 21:16:53.616 [http-nio-6001-exec-1] INFO  org.springframework.web.servlet.DispatcherServlet - Initializing Servlet 'dispatcherServlet'
2022-02-19 21:16:53.626 [http-nio-6001-exec-1] INFO  org.springframework.web.servlet.DispatcherServlet - Completed initialization in 9 ms
2022-02-19 21:17:00.004 [scheduling-1] INFO  com.hz.task.MailSendTask - 定时器任务: 2022/02/19 21:17:00
2022-02-19 21:17:00.011 [scheduling-1] INFO  com.alibaba.druid.pool.DruidDataSource - {dataSource-2} inited
2022-02-19 21:17:00.343 [scheduling-1] INFO  com.hz.task.MailSendTask - 消息列表: []
2022-02-19 21:17:02.543 [http-nio-6001-exec-4] INFO  com.hz.controller.TestController - 测试
2022-02-19 21:17:10.001 [scheduling-1] INFO  com.hz.task.MailSendTask - 定时器任务: 2022/02/19 21:17:10
2022-02-19 21:17:10.080 [scheduling-1] INFO  com.hz.task.MailSendTask - 消息列表: []
2022-02-19 21:17:20.006 [scheduling-1] INFO  com.hz.task.MailSendTask - 定时器任务: 2022/02/19 21:17:20
2022-02-19 21:17:20.091 [scheduling-1] INFO  com.hz.task.MailSendTask - 消息列表: []
2022-02-19 21:17:30.005 [scheduling-1] INFO  com.hz.task.MailSendTask - 定时器任务: 2022/02/19 21:17:30
2022-02-19 21:17:30.074 [scheduling-1] INFO  com.hz.task.MailSendTask - 消息列表: []
2022-02-19 21:17:40.006 [scheduling-1] INFO  com.hz.task.MailSendTask - 定时器任务: 2022/02/19 21:17:40
2022-02-19 21:17:40.081 [scheduling-1] INFO  com.hz.task.MailSendTask - 消息列表: []
2022-02-19 21:17:50.006 [scheduling-1] INFO  com.hz.task.MailSendTask - 定时器任务: 2022/02/19 21:17:50
2022-02-19 21:17:50.077 [scheduling-1] INFO  com.hz.task.MailSendTask - 消息列表: []
2022-02-19 21:18:00.001 [scheduling-1] INFO  com.hz.task.MailSendTask - 定时器任务: 2022/02/19 21:18:00
2022-02-19 21:18:00.071 [scheduling-1] INFO  com.hz.task.MailSendTask - 消息列表: []
2022-02-19 21:18:10.005 [scheduling-1] INFO  com.hz.task.MailSendTask - 定时器任务: 2022/02/19 21:18:10
2022-02-19 21:18:10.068 [scheduling-1] INFO  com.hz.task.MailSendTask - 消息列表: []
2022-02-19 21:18:20.003 [scheduling-1] INFO  com.hz.task.MailSendTask - 定时器任务: 2022/02/19 21:18:20
2022-02-19 21:18:20.076 [scheduling-1] INFO  com.hz.task.MailSendTask - 消息列表: []
2022-02-19 21:18:30.004 [scheduling-1] INFO  com.hz.task.MailSendTask - 定时器任务: 2022/02/19 21:18:30
2022-02-19 21:18:30.073 [scheduling-1] INFO  com.hz.task.MailSendTask - 消息列表: []
2022-02-19 21:18:40.001 [scheduling-1] INFO  com.hz.task.MailSendTask - 定时器任务: 2022/02/19 21:18:40
2022-02-19 21:18:40.080 [scheduling-1] INFO  com.hz.task.MailSendTask - 消息列表: []
2022-02-19 21:18:50.002 [scheduling-1] INFO  com.hz.task.MailSendTask - 定时器任务: 2022/02/19 21:18:50
2022-02-19 21:18:50.088 [scheduling-1] INFO  com.hz.task.MailSendTask - 消息列表: []
2022-02-19 21:19:00.005 [scheduling-1] INFO  com.hz.task.MailSendTask - 定时器任务: 2022/02/19 21:19:00
2022-02-19 21:19:00.075 [scheduling-1] INFO  com.hz.task.MailSendTask - 消息列表: []
2022-02-19 21:19:10.005 [scheduling-1] INFO  com.hz.task.MailSendTask - 定时器任务: 2022/02/19 21:19:10
2022-02-19 21:19:10.090 [scheduling-1] INFO  com.hz.task.MailSendTask - 消息列表: []
2022-02-19 21:19:20.004 [scheduling-1] INFO  com.hz.task.MailSendTask - 定时器任务: 2022/02/19 21:19:20
2022-02-19 21:19:20.092 [scheduling-1] INFO  com.hz.task.MailSendTask - 消息列表: []
2022-02-19 21:19:30.003 [scheduling-1] INFO  com.hz.task.MailSendTask - 定时器任务: 2022/02/19 21:19:30
2022-02-19 21:19:30.072 [scheduling-1] INFO  com.hz.task.MailSendTask - 消息列表: []
2022-02-19 21:19:40.003 [scheduling-1] INFO  com.hz.task.MailSendTask - 定时器任务: 2022/02/19 21:19:40
2022-02-19 21:19:40.072 [scheduling-1] INFO  com.hz.task.MailSendTask - 消息列表: []
2022-02-19 21:19:50.003 [scheduling-1] INFO  com.hz.task.MailSendTask - 定时器任务: 2022/02/19 21:19:50
2022-02-19 21:19:50.097 [scheduling-1] INFO  com.hz.task.MailSendTask - 消息列表: []
2022-02-19 21:20:00.001 [scheduling-1] INFO  com.hz.task.MailSendTask - 定时器任务: 2022/02/19 21:20:00
2022-02-19 21:20:00.072 [scheduling-1] INFO  com.hz.task.MailSendTask - 消息列表: []
2022-02-19 21:20:10.002 [scheduling-1] INFO  com.hz.task.MailSendTask - 定时器任务: 2022/02/19 21:20:10
2022-02-19 21:20:10.070 [scheduling-1] INFO  com.hz.task.MailSendTask - 消息列表: []
2022-02-19 21:20:20.005 [scheduling-1] INFO  com.hz.task.MailSendTask - 定时器任务: 2022/02/19 21:20:20
2022-02-19 21:20:20.099 [scheduling-1] INFO  com.hz.task.MailSendTask - 消息列表: []
2022-02-19 21:20:30.002 [scheduling-1] INFO  com.hz.task.MailSendTask - 定时器任务: 2022/02/19 21:20:30
2022-02-19 21:20:30.068 [scheduling-1] INFO  com.hz.task.MailSendTask - 消息列表: []
2022-02-19 21:20:40.002 [scheduling-1] INFO  com.hz.task.MailSendTask - 定时器任务: 2022/02/19 21:20:40
2022-02-19 21:20:40.070 [scheduling-1] INFO  com.hz.task.MailSendTask - 消息列表: []
2022-02-19 21:20:50.004 [scheduling-1] INFO  com.hz.task.MailSendTask - 定时器任务: 2022/02/19 21:20:50
2022-02-19 21:20:50.089 [scheduling-1] INFO  com.hz.task.MailSendTask - 消息列表: []
2022-02-19 21:21:00.004 [scheduling-1] INFO  com.hz.task.MailSendTask - 定时器任务: 2022/02/19 21:21:00
2022-02-19 21:21:00.065 [scheduling-1] INFO  com.hz.task.MailSendTask - 消息列表: []
2022-02-19 21:21:10.006 [scheduling-1] INFO  com.hz.task.MailSendTask - 定时器任务: 2022/02/19 21:21:10
2022-02-19 21:21:10.088 [scheduling-1] INFO  com.hz.task.MailSendTask - 消息列表: []
2022-02-19 21:21:20.005 [scheduling-1] INFO  com.hz.task.MailSendTask - 定时器任务: 2022/02/19 21:21:20
2022-02-19 21:21:20.076 [scheduling-1] INFO  com.hz.task.MailSendTask - 消息列表: []
2022-02-19 21:21:30.004 [scheduling-1] INFO  com.hz.task.MailSendTask - 定时器任务: 2022/02/19 21:21:30
2022-02-19 21:21:30.071 [scheduling-1] INFO  com.hz.task.MailSendTask - 消息列表: []
2022-02-19 21:26:31.843 [scheduling-1] INFO  com.hz.task.MailSendTask - 定时器任务: 2022/02/19 21:26:31
2022-02-19 21:26:33.466 [scheduling-1] INFO  com.hz.task.MailSendTask - 消息列表: []
2022-02-19 21:26:40.002 [scheduling-1] INFO  com.hz.task.MailSendTask - 定时器任务: 2022/02/19 21:26:40
2022-02-19 21:26:40.231 [scheduling-1] INFO  com.hz.task.MailSendTask - 消息列表: []
2022-02-19 21:26:50.005 [scheduling-1] INFO  com.hz.task.MailSendTask - 定时器任务: 2022/02/19 21:26:50
2022-02-19 21:26:50.069 [scheduling-1] INFO  com.hz.task.MailSendTask - 消息列表: []
2022-02-19 21:27:00.001 [scheduling-1] INFO  com.hz.task.MailSendTask - 定时器任务: 2022/02/19 21:27:00
2022-02-19 21:27:00.073 [scheduling-1] INFO  com.hz.task.MailSendTask - 消息列表: []
2022-02-19 21:30:51.955 [scheduling-1] INFO  com.hz.task.MailSendTask - 定时器任务: 2022/02/19 21:30:51
2022-02-19 21:30:52.337 [scheduling-1] INFO  com.hz.task.MailSendTask - 消息列表: []
2022-02-19 21:30:52.977 [simpleMessageListenerContainer-1] INFO  o.s.a.r.listener.SimpleMessageListenerContainer - Restarting Consumer@253436e5: tags=[[amq.ctag-gWWtGxXSUO0LejgyAaoDAA, amq.ctag-2X3Pz1NBp1jn_KQ8gbghug]], channel=Cached Rabbit Channel: PublisherCallbackChannelImpl: AMQChannel(amqp://hz@8.142.46.67:5672/,1), conn: Proxy@6013de9 Shared Rabbit Connection: SimpleConnection@646f70b4 [delegate=amqp://hz@8.142.46.67:5672/, localPort= 51950], acknowledgeMode=MANUAL local queue size=0
2022-02-19 21:30:52.980 [simpleMessageListenerContainer-2] INFO  o.s.a.rabbit.connection.CachingConnectionFactory - Attempting to connect to: [8.142.46.67:5672]
2022-02-19 21:30:53.282 [simpleMessageListenerContainer-2] INFO  o.s.a.rabbit.connection.CachingConnectionFactory - Created new connection: rabbitConnectionFactory#25c17750:1/SimpleConnection@2b3262d1 [delegate=amqp://hz@8.142.46.67:5672/, localPort= 52022]
2022-02-19 21:31:00.002 [scheduling-1] INFO  com.hz.task.MailSendTask - 定时器任务: 2022/02/19 21:31:00
2022-02-19 21:31:00.228 [scheduling-1] INFO  com.hz.task.MailSendTask - 消息列表: []
2022-02-19 21:31:10.000 [scheduling-1] INFO  com.hz.task.MailSendTask - 定时器任务: 2022/02/19 21:31:10
2022-02-19 21:31:10.108 [scheduling-1] INFO  com.hz.task.MailSendTask - 消息列表: []
2022-02-19 21:31:19.993 [scheduling-1] INFO  com.hz.task.MailSendTask - 定时器任务: 2022/02/19 21:31:19
2022-02-19 21:31:20.060 [scheduling-1] INFO  com.hz.task.MailSendTask - 消息列表: []
2022-02-19 21:36:18.042 [scheduling-1] INFO  com.hz.task.MailSendTask - 定时器任务: 2022/02/19 21:36:18
2022-02-19 21:36:19.331 [scheduling-1] INFO  com.hz.task.MailSendTask - 消息列表: []
2022-02-19 21:36:20.004 [scheduling-1] INFO  com.hz.task.MailSendTask - 定时器任务: 2022/02/19 21:36:20
2022-02-19 21:36:20.072 [scheduling-1] INFO  com.hz.task.MailSendTask - 消息列表: []
2022-02-19 21:36:30.005 [scheduling-1] INFO  com.hz.task.MailSendTask - 定时器任务: 2022/02/19 21:36:30
2022-02-19 21:36:30.095 [scheduling-1] INFO  com.hz.task.MailSendTask - 消息列表: []
2022-02-19 21:36:40.008 [scheduling-1] INFO  com.hz.task.MailSendTask - 定时器任务: 2022/02/19 21:36:40
2022-02-19 21:36:40.255 [scheduling-1] INFO  com.hz.task.MailSendTask - 消息列表: []
2022-02-19 21:45:12.831 [scheduling-1] INFO  com.hz.task.MailSendTask - 定时器任务: 2022/02/19 21:45:12
2022-02-19 21:45:14.606 [scheduling-1] INFO  com.hz.task.MailSendTask - 消息列表: []
2022-02-19 21:45:20.005 [scheduling-1] INFO  com.hz.task.MailSendTask - 定时器任务: 2022/02/19 21:45:20
2022-02-19 21:45:20.180 [scheduling-1] INFO  com.hz.task.MailSendTask - 消息列表: []
2022-02-19 21:45:30.004 [scheduling-1] INFO  com.hz.task.MailSendTask - 定时器任务: 2022/02/19 21:45:30
2022-02-19 21:45:30.082 [scheduling-1] INFO  com.hz.task.MailSendTask - 消息列表: []
2022-02-19 21:45:40.003 [scheduling-1] INFO  com.hz.task.MailSendTask - 定时器任务: 2022/02/19 21:45:40
2022-02-19 21:45:40.079 [scheduling-1] INFO  com.hz.task.MailSendTask - 消息列表: []
2022-02-19 21:45:50.005 [scheduling-1] INFO  com.hz.task.MailSendTask - 定时器任务: 2022/02/19 21:45:50
2022-02-19 21:45:50.095 [scheduling-1] INFO  com.hz.task.MailSendTask - 消息列表: []
2022-02-19 21:46:00.004 [scheduling-1] INFO  com.hz.task.MailSendTask - 定时器任务: 2022/02/19 21:46:00
2022-02-19 21:46:00.069 [scheduling-1] INFO  com.hz.task.MailSendTask - 消息列表: []
2022-02-19 21:46:10.004 [scheduling-1] INFO  com.hz.task.MailSendTask - 定时器任务: 2022/02/19 21:46:10
2022-02-19 21:46:10.078 [scheduling-1] INFO  com.hz.task.MailSendTask - 消息列表: []
2022-02-19 21:46:11.313 [http-nio-6001-exec-7] INFO  com.hz.controller.TestController - 测试
2022-02-19 21:46:20.001 [scheduling-1] INFO  com.hz.task.MailSendTask - 定时器任务: 2022/02/19 21:46:20
2022-02-19 21:46:20.066 [scheduling-1] INFO  com.hz.task.MailSendTask - 消息列表: []
2022-02-19 21:46:30.002 [scheduling-1] INFO  com.hz.task.MailSendTask - 定时器任务: 2022/02/19 21:46:30
2022-02-19 21:46:30.068 [scheduling-1] INFO  com.hz.task.MailSendTask - 消息列表: []
2022-02-19 21:46:40.002 [scheduling-1] INFO  com.hz.task.MailSendTask - 定时器任务: 2022/02/19 21:46:40
2022-02-19 21:46:40.065 [scheduling-1] INFO  com.hz.task.MailSendTask - 消息列表: []
2022-02-19 21:46:48.901 [simpleMessageListenerContainer-2] INFO  o.s.a.r.listener.SimpleMessageListenerContainer - Restarting Consumer@3463c6ed: tags=[[amq.ctag-RdcsoLbIHe5LNH-qCufZ6w, amq.ctag-3s1L05lkscdnYAjHEiOqSQ]], channel=Cached Rabbit Channel: PublisherCallbackChannelImpl: AMQChannel(amqp://hz@8.142.46.67:5672/,2), conn: Proxy@6013de9 Shared Rabbit Connection: SimpleConnection@2b3262d1 [delegate=amqp://hz@8.142.46.67:5672/, localPort= 52022], acknowledgeMode=MANUAL local queue size=0
2022-02-19 21:46:48.902 [simpleMessageListenerContainer-3] INFO  o.s.a.rabbit.connection.CachingConnectionFactory - Attempting to connect to: [8.142.46.67:5672]
2022-02-19 21:46:48.972 [simpleMessageListenerContainer-3] INFO  o.s.a.rabbit.connection.CachingConnectionFactory - Created new connection: rabbitConnectionFactory#25c17750:2/SimpleConnection@13841578 [delegate=amqp://hz@8.142.46.67:5672/, localPort= 52137]
2022-02-19 21:46:50.003 [scheduling-1] INFO  com.hz.task.MailSendTask - 定时器任务: 2022/02/19 21:46:50
2022-02-19 21:46:50.059 [scheduling-1] INFO  com.hz.task.MailSendTask - 消息列表: []
2022-02-19 21:47:00.000 [scheduling-1] INFO  com.hz.task.MailSendTask - 定时器任务: 2022/02/19 21:47:00
2022-02-19 21:47:00.064 [scheduling-1] INFO  com.hz.task.MailSendTask - 消息列表: []
2022-02-19 21:47:10.002 [scheduling-1] INFO  com.hz.task.MailSendTask - 定时器任务: 2022/02/19 21:47:10
2022-02-19 21:47:10.244 [scheduling-1] INFO  com.hz.task.MailSendTask - 消息列表: []
2022-02-19 21:47:20.003 [scheduling-1] INFO  com.hz.task.MailSendTask - 定时器任务: 2022/02/19 21:47:20
2022-02-19 21:47:20.072 [scheduling-1] INFO  com.hz.task.MailSendTask - 消息列表: []
2022-02-19 21:47:30.005 [scheduling-1] INFO  com.hz.task.MailSendTask - 定时器任务: 2022/02/19 21:47:30
2022-02-19 21:47:30.073 [scheduling-1] INFO  com.hz.task.MailSendTask - 消息列表: []
2022-02-19 21:47:35.097 [SpringContextShutdownHook] INFO  o.s.a.r.listener.SimpleMessageListenerContainer - Waiting for workers to finish.
2022-02-19 21:47:35.338 [SpringContextShutdownHook] INFO  o.s.a.r.listener.SimpleMessageListenerContainer - Successfully waited for workers to finish.
2022-02-19 21:47:35.340 [SpringContextShutdownHook] INFO  o.s.scheduling.concurrent.ThreadPoolTaskScheduler - Shutting down ExecutorService 'taskScheduler'
2022-02-19 21:47:35.344 [SpringContextShutdownHook] INFO  o.s.a.r.listener.SimpleMessageListenerContainer - Shutdown ignored - container is not active already
2022-02-19 21:47:35.392 [SpringContextShutdownHook] INFO  com.alibaba.druid.pool.DruidDataSource - {dataSource-2} closed
2022-02-19 21:47:41.808 [restartedMain] INFO  com.hz.ServerApplication - Starting ServerApplication on zdeMacBook-Pro with PID 19074 (/Users/zh/Desktop/springcloud/cloud-server6001/target/classes started by zh in /Users/zh/Desktop/springcloud)
2022-02-19 21:47:41.811 [restartedMain] INFO  com.hz.ServerApplication - The following profiles are active: @profileActive@
2022-02-19 21:47:41.867 [restartedMain] INFO  o.s.boot.devtools.restart.ChangeableUrls - The Class-Path manifest attribute in /Users/zh/.m2/repository/com/sun/xml/bind/jaxb-impl/2.3.0/jaxb-impl-2.3.0.jar referenced one or more files that do not exist: file:/Users/zh/.m2/repository/com/sun/xml/bind/jaxb-impl/2.3.0/jaxb-core.jar
2022-02-19 21:47:41.867 [restartedMain] INFO  o.s.boot.devtools.restart.ChangeableUrls - The Class-Path manifest attribute in /Users/zh/.m2/repository/com/sun/xml/bind/jaxb-core/2.3.0/jaxb-core-2.3.0.jar referenced one or more files that do not exist: file:/Users/zh/.m2/repository/com/sun/xml/bind/jaxb-core/2.3.0/jaxb-api.jar
2022-02-19 21:47:41.868 [restartedMain] INFO  o.s.b.d.env.DevToolsPropertyDefaultsPostProcessor - Devtools property defaults active! Set 'spring.devtools.add-properties' to 'false' to disable
2022-02-19 21:47:41.868 [restartedMain] INFO  o.s.b.d.env.DevToolsPropertyDefaultsPostProcessor - For additional web related logging consider setting the 'logging.level.web' property to 'DEBUG'
2022-02-19 21:47:43.416 [restartedMain] INFO  o.s.d.r.config.RepositoryConfigurationDelegate - Multiple Spring Data modules found, entering strict repository configuration mode!
2022-02-19 21:47:43.419 [restartedMain] INFO  o.s.d.r.config.RepositoryConfigurationDelegate - Bootstrapping Spring Data Redis repositories in DEFAULT mode.
2022-02-19 21:47:43.572 [restartedMain] INFO  o.s.d.r.config.RepositoryConfigurationDelegate - Finished Spring Data repository scanning in 140ms. Found 0 Redis repository interfaces.
2022-02-19 21:47:43.864 [restartedMain] INFO  o.s.c.s.PostProcessorRegistrationDelegate$BeanPostProcessorChecker - Bean 'shiroConfig' of type [com.hz.config.shiro.ShiroConfig$$EnhancerBySpringCGLIB$$c2b01aa] is not eligible for getting processed by all BeanPostProcessors (for example: not eligible for auto-proxying)
2022-02-19 21:47:43.900 [restartedMain] INFO  com.hz.config.shiro.ShiroConfig - getRealm
2022-02-19 21:47:43.908 [restartedMain] INFO  o.s.c.s.PostProcessorRegistrationDelegate$BeanPostProcessorChecker - Bean 'getRealm' of type [com.hz.config.shiro.ShiroCustomerRealm] is not eligible for getting processed by all BeanPostProcessors (for example: not eligible for auto-proxying)
2022-02-19 21:47:43.911 [restartedMain] INFO  o.s.c.s.PostProcessorRegistrationDelegate$BeanPostProcessorChecker - Bean 'sessionStorageEvaluator' of type [org.apache.shiro.web.mgt.DefaultWebSessionStorageEvaluator] is not eligible for getting processed by all BeanPostProcessors (for example: not eligible for auto-proxying)
2022-02-19 21:47:43.964 [restartedMain] INFO  o.s.c.s.PostProcessorRegistrationDelegate$BeanPostProcessorChecker - Bean 'getSecurityManager' of type [org.apache.shiro.web.mgt.DefaultWebSecurityManager] is not eligible for getting processed by all BeanPostProcessors (for example: not eligible for auto-proxying)
2022-02-19 21:47:43.965 [restartedMain] INFO  com.hz.config.shiro.ShiroConfig - ==================
2022-02-19 21:47:44.000 [restartedMain] INFO  o.s.c.s.PostProcessorRegistrationDelegate$BeanPostProcessorChecker - Bean 'authorizationAttributeSourceAdvisor' of type [org.apache.shiro.spring.security.interceptor.AuthorizationAttributeSourceAdvisor] is not eligible for getting processed by all BeanPostProcessors (for example: not eligible for auto-proxying)
2022-02-19 21:47:44.039 [restartedMain] INFO  o.s.c.s.PostProcessorRegistrationDelegate$BeanPostProcessorChecker - Bean 'org.springframework.transaction.annotation.ProxyTransactionManagementConfiguration' of type [org.springframework.transaction.annotation.ProxyTransactionManagementConfiguration] is not eligible for getting processed by all BeanPostProcessors (for example: not eligible for auto-proxying)
2022-02-19 21:47:44.485 [restartedMain] INFO  o.s.boot.web.embedded.tomcat.TomcatWebServer - Tomcat initialized with port(s): 6001 (http)
2022-02-19 21:47:44.671 [restartedMain] INFO  org.springframework.web.context.ContextLoader - Root WebApplicationContext: initialization completed in 2802 ms
2022-02-19 21:47:46.487 [restartedMain] INFO  o.s.b.actuate.endpoint.web.EndpointLinksResolver - Exposing 2 endpoint(s) beneath base path '/actuator'
2022-02-19 21:47:46.589 [restartedMain] INFO  s.d.s.w.PropertySourcedRequestMappingHandlerMapping - Mapped URL path [/v2/api-docs] onto method [springfox.documentation.swagger2.web.Swagger2Controller#getDocumentation(String, HttpServletRequest)]
2022-02-19 21:47:46.778 [restartedMain] INFO  o.s.b.d.autoconfigure.OptionalLiveReloadServer - LiveReload server is running on port 35729
2022-02-19 21:47:47.359 [restartedMain] INFO  o.s.scheduling.concurrent.ThreadPoolTaskScheduler - Initializing ExecutorService 'taskScheduler'
2022-02-19 21:47:47.624 [restartedMain] INFO  s.d.s.web.plugins.DocumentationPluginsBootstrapper - Context refreshed
2022-02-19 21:47:47.640 [restartedMain] INFO  s.d.s.web.plugins.DocumentationPluginsBootstrapper - Found 1 custom documentation plugin(s)
2022-02-19 21:47:47.693 [restartedMain] INFO  s.d.spring.web.scanners.ApiListingReferenceScanner - Scanning for api listing references
2022-02-19 21:47:47.899 [restartedMain] INFO  s.d.s.w.r.operation.CachingOperationNameGenerator - Generating unique operation named: deleteUserUsingDELETE_1
2022-02-19 21:47:47.950 [restartedMain] INFO  o.s.a.rabbit.connection.CachingConnectionFactory - Attempting to connect to: [8.142.46.67:5672]
2022-02-19 21:47:48.075 [restartedMain] INFO  o.s.a.rabbit.connection.CachingConnectionFactory - Created new connection: rabbitConnectionFactory#4f1f6d6b:0/SimpleConnection@7914aa0c [delegate=amqp://hz@8.142.46.67:5672/, localPort= 52167]
2022-02-19 21:47:48.473 [restartedMain] INFO  o.s.boot.web.embedded.tomcat.TomcatWebServer - Tomcat started on port(s): 6001 (http) with context path '/springboot'
2022-02-19 21:47:48.479 [restartedMain] INFO  com.hz.ServerApplication - Started ServerApplication in 7.142 seconds (JVM running for 7.893)
2022-02-19 21:47:48.720 [RMI TCP Connection(3)-192.168.31.54] INFO  org.springframework.web.servlet.DispatcherServlet - Initializing Servlet 'dispatcherServlet'
2022-02-19 21:47:48.740 [RMI TCP Connection(3)-192.168.31.54] INFO  org.springframework.web.servlet.DispatcherServlet - Completed initialization in 19 ms
2022-02-19 21:47:48.792 [RMI TCP Connection(2)-192.168.31.54] INFO  com.alibaba.druid.pool.DruidDataSource - {dataSource-1} inited
2022-02-19 21:47:50.005 [scheduling-1] INFO  com.hz.task.MailSendTask - 定时器任务: 2022/02/19 21:47:50
2022-02-19 21:47:50.136 [scheduling-1] INFO  com.hz.task.MailSendTask - 消息列表: []
2022-02-19 21:47:50.222 [boundedElastic-1] INFO  io.lettuce.core.EpollProvider - Starting without optional epoll library
2022-02-19 21:47:50.224 [boundedElastic-1] INFO  io.lettuce.core.KqueueProvider - Starting without optional kqueue library
2022-02-19 21:47:58.615 [http-nio-6001-exec-3] INFO  com.hz.controller.TestController - 测试
2022-02-19 21:48:00.001 [scheduling-1] INFO  com.hz.task.MailSendTask - 定时器任务: 2022/02/19 21:48:00
2022-02-19 21:48:00.078 [scheduling-1] INFO  com.hz.task.MailSendTask - 消息列表: []
2022-02-19 21:48:10.002 [scheduling-1] INFO  com.hz.task.MailSendTask - 定时器任务: 2022/02/19 21:48:10
2022-02-19 21:48:10.069 [scheduling-1] INFO  com.hz.task.MailSendTask - 消息列表: []
2022-02-19 21:48:20.006 [scheduling-1] INFO  com.hz.task.MailSendTask - 定时器任务: 2022/02/19 21:48:20
2022-02-19 21:48:20.080 [scheduling-1] INFO  com.hz.task.MailSendTask - 消息列表: []
2022-02-19 21:48:30.006 [scheduling-1] INFO  com.hz.task.MailSendTask - 定时器任务: 2022/02/19 21:48:30
2022-02-19 21:48:30.082 [scheduling-1] INFO  com.hz.task.MailSendTask - 消息列表: []
2022-02-19 21:48:40.001 [scheduling-1] INFO  com.hz.task.MailSendTask - 定时器任务: 2022/02/19 21:48:40
2022-02-19 21:48:40.079 [scheduling-1] INFO  com.hz.task.MailSendTask - 消息列表: []
2022-02-19 21:48:50.011 [scheduling-1] INFO  com.hz.task.MailSendTask - 定时器任务: 2022/02/19 21:48:50
2022-02-19 21:48:50.075 [scheduling-1] INFO  com.hz.task.MailSendTask - 消息列表: []
2022-02-19 21:49:00.017 [scheduling-1] INFO  com.hz.task.MailSendTask - 定时器任务: 2022/02/19 21:49:00
2022-02-19 21:49:00.097 [scheduling-1] INFO  com.hz.task.MailSendTask - 消息列表: []
2022-02-19 21:50:06.486 [scheduling-1] INFO  com.hz.task.MailSendTask - 定时器任务: 2022/02/19 21:50:06
2022-02-19 21:50:06.634 [scheduling-1] INFO  com.hz.task.MailSendTask - 消息列表: []
2022-02-19 21:50:10.007 [scheduling-1] INFO  com.hz.task.MailSendTask - 定时器任务: 2022/02/19 21:50:10
2022-02-19 21:50:10.137 [scheduling-1] INFO  com.hz.task.MailSendTask - 消息列表: []
2022-02-19 21:50:20.007 [scheduling-1] INFO  com.hz.task.MailSendTask - 定时器任务: 2022/02/19 21:50:20
2022-02-19 21:50:20.211 [scheduling-1] INFO  com.hz.task.MailSendTask - 消息列表: []
2022-02-19 21:50:30.004 [scheduling-1] INFO  com.hz.task.MailSendTask - 定时器任务: 2022/02/19 21:50:30
2022-02-19 21:50:30.418 [scheduling-1] INFO  com.hz.task.MailSendTask - 消息列表: []
2022-02-19 21:50:40.003 [scheduling-1] INFO  com.hz.task.MailSendTask - 定时器任务: 2022/02/19 21:50:40
2022-02-19 21:50:40.065 [scheduling-1] INFO  com.hz.task.MailSendTask - 消息列表: []
2022-02-19 21:50:50.003 [scheduling-1] INFO  com.hz.task.MailSendTask - 定时器任务: 2022/02/19 21:50:50
2022-02-19 21:50:50.071 [scheduling-1] INFO  com.hz.task.MailSendTask - 消息列表: []
2022-02-19 21:51:00.001 [scheduling-1] INFO  com.hz.task.MailSendTask - 定时器任务: 2022/02/19 21:51:00
2022-02-19 21:51:00.083 [scheduling-1] INFO  com.hz.task.MailSendTask - 消息列表: []
2022-02-19 21:51:10.003 [scheduling-1] INFO  com.hz.task.MailSendTask - 定时器任务: 2022/02/19 21:51:10
2022-02-19 21:51:10.083 [scheduling-1] INFO  com.hz.task.MailSendTask - 消息列表: []
2022-02-19 21:51:20.002 [scheduling-1] INFO  com.hz.task.MailSendTask - 定时器任务: 2022/02/19 21:51:20
2022-02-19 21:51:20.073 [scheduling-1] INFO  com.hz.task.MailSendTask - 消息列表: []
2022-02-19 21:51:30.005 [scheduling-1] INFO  com.hz.task.MailSendTask - 定时器任务: 2022/02/19 21:51:30
2022-02-19 21:51:30.078 [scheduling-1] INFO  com.hz.task.MailSendTask - 消息列表: []
2022-02-19 21:51:40.003 [scheduling-1] INFO  com.hz.task.MailSendTask - 定时器任务: 2022/02/19 21:51:40
2022-02-19 21:51:40.171 [scheduling-1] INFO  com.hz.task.MailSendTask - 消息列表: []
2022-02-19 21:51:50.002 [scheduling-1] INFO  com.hz.task.MailSendTask - 定时器任务: 2022/02/19 21:51:50
2022-02-19 21:51:50.077 [scheduling-1] INFO  com.hz.task.MailSendTask - 消息列表: []
2022-02-19 21:52:00.001 [scheduling-1] INFO  com.hz.task.MailSendTask - 定时器任务: 2022/02/19 21:52:00
2022-02-19 21:52:00.069 [scheduling-1] INFO  com.hz.task.MailSendTask - 消息列表: []
2022-02-19 21:52:10.001 [scheduling-1] INFO  com.hz.task.MailSendTask - 定时器任务: 2022/02/19 21:52:10
2022-02-19 21:52:10.073 [scheduling-1] INFO  com.hz.task.MailSendTask - 消息列表: []
2022-02-19 21:52:20.001 [scheduling-1] INFO  com.hz.task.MailSendTask - 定时器任务: 2022/02/19 21:52:20
2022-02-19 21:52:20.072 [scheduling-1] INFO  com.hz.task.MailSendTask - 消息列表: []
2022-02-19 21:52:30.002 [scheduling-1] INFO  com.hz.task.MailSendTask - 定时器任务: 2022/02/19 21:52:30
2022-02-19 21:52:30.099 [scheduling-1] INFO  com.hz.task.MailSendTask - 消息列表: []
2022-02-19 21:52:40.005 [scheduling-1] INFO  com.hz.task.MailSendTask - 定时器任务: 2022/02/19 21:52:40
2022-02-19 21:52:40.073 [scheduling-1] INFO  com.hz.task.MailSendTask - 消息列表: []
2022-02-19 21:52:50.003 [scheduling-1] INFO  com.hz.task.MailSendTask - 定时器任务: 2022/02/19 21:52:50
2022-02-19 21:52:50.079 [scheduling-1] INFO  com.hz.task.MailSendTask - 消息列表: []
2022-02-19 21:53:00.004 [scheduling-1] INFO  com.hz.task.MailSendTask - 定时器任务: 2022/02/19 21:53:00
2022-02-19 21:53:00.075 [scheduling-1] INFO  com.hz.task.MailSendTask - 消息列表: []
2022-02-19 21:53:10.002 [scheduling-1] INFO  com.hz.task.MailSendTask - 定时器任务: 2022/02/19 21:53:10
2022-02-19 21:53:10.071 [scheduling-1] INFO  com.hz.task.MailSendTask - 消息列表: []
2022-02-19 21:53:20.001 [scheduling-1] INFO  com.hz.task.MailSendTask - 定时器任务: 2022/02/19 21:53:20
2022-02-19 21:53:20.074 [scheduling-1] INFO  com.hz.task.MailSendTask - 消息列表: []
2022-02-19 21:53:30.001 [scheduling-1] INFO  com.hz.task.MailSendTask - 定时器任务: 2022/02/19 21:53:30
2022-02-19 21:53:30.076 [scheduling-1] INFO  com.hz.task.MailSendTask - 消息列表: []
2022-02-19 21:53:40.001 [scheduling-1] INFO  com.hz.task.MailSendTask - 定时器任务: 2022/02/19 21:53:40
2022-02-19 21:53:40.070 [scheduling-1] INFO  com.hz.task.MailSendTask - 消息列表: []
2022-02-19 21:53:50.004 [scheduling-1] INFO  com.hz.task.MailSendTask - 定时器任务: 2022/02/19 21:53:50
2022-02-19 21:53:50.114 [scheduling-1] INFO  com.hz.task.MailSendTask - 消息列表: []
2022-02-19 21:54:00.002 [scheduling-1] INFO  com.hz.task.MailSendTask - 定时器任务: 2022/02/19 21:54:00
2022-02-19 21:54:00.066 [scheduling-1] INFO  com.hz.task.MailSendTask - 消息列表: []
2022-02-19 21:54:10.001 [scheduling-1] INFO  com.hz.task.MailSendTask - 定时器任务: 2022/02/19 21:54:10
2022-02-19 21:54:10.070 [scheduling-1] INFO  com.hz.task.MailSendTask - 消息列表: []
2022-02-19 21:54:20.001 [scheduling-1] INFO  com.hz.task.MailSendTask - 定时器任务: 2022/02/19 21:54:20
2022-02-19 21:54:20.102 [scheduling-1] INFO  com.hz.task.MailSendTask - 消息列表: []
2022-02-19 21:54:30.004 [scheduling-1] INFO  com.hz.task.MailSendTask - 定时器任务: 2022/02/19 21:54:30
2022-02-19 21:54:30.086 [scheduling-1] INFO  com.hz.task.MailSendTask - 消息列表: []
2022-02-19 21:54:40.001 [scheduling-1] INFO  com.hz.task.MailSendTask - 定时器任务: 2022/02/19 21:54:40
2022-02-19 21:54:40.069 [scheduling-1] INFO  com.hz.task.MailSendTask - 消息列表: []
2022-02-19 21:54:50.005 [scheduling-1] INFO  com.hz.task.MailSendTask - 定时器任务: 2022/02/19 21:54:50
2022-02-19 21:54:50.091 [scheduling-1] INFO  com.hz.task.MailSendTask - 消息列表: []
2022-02-19 21:55:00.004 [scheduling-1] INFO  com.hz.task.MailSendTask - 定时器任务: 2022/02/19 21:55:00
2022-02-19 21:55:00.068 [scheduling-1] INFO  com.hz.task.MailSendTask - 消息列表: []
2022-02-19 21:55:10.001 [scheduling-1] INFO  com.hz.task.MailSendTask - 定时器任务: 2022/02/19 21:55:10
2022-02-19 21:55:10.078 [scheduling-1] INFO  com.hz.task.MailSendTask - 消息列表: []
2022-02-19 21:55:20.001 [scheduling-1] INFO  com.hz.task.MailSendTask - 定时器任务: 2022/02/19 21:55:20
2022-02-19 21:55:20.083 [scheduling-1] INFO  com.hz.task.MailSendTask - 消息列表: []
2022-02-19 21:55:30.001 [scheduling-1] INFO  com.hz.task.MailSendTask - 定时器任务: 2022/02/19 21:55:30
2022-02-19 21:55:30.061 [scheduling-1] INFO  com.hz.task.MailSendTask - 消息列表: []
2022-02-19 21:55:40.004 [scheduling-1] INFO  com.hz.task.MailSendTask - 定时器任务: 2022/02/19 21:55:40
2022-02-19 21:55:40.071 [scheduling-1] INFO  com.hz.task.MailSendTask - 消息列表: []
2022-02-19 21:55:50.003 [scheduling-1] INFO  com.hz.task.MailSendTask - 定时器任务: 2022/02/19 21:55:50
2022-02-19 21:55:50.084 [scheduling-1] INFO  com.hz.task.MailSendTask - 消息列表: []
2022-02-19 21:56:00.004 [scheduling-1] INFO  com.hz.task.MailSendTask - 定时器任务: 2022/02/19 21:56:00
2022-02-19 21:56:00.083 [scheduling-1] INFO  com.hz.task.MailSendTask - 消息列表: []
2022-02-19 21:56:10.004 [scheduling-1] INFO  com.hz.task.MailSendTask - 定时器任务: 2022/02/19 21:56:10
2022-02-19 21:56:10.074 [scheduling-1] INFO  com.hz.task.MailSendTask - 消息列表: []
2022-02-19 21:56:20.002 [scheduling-1] INFO  com.hz.task.MailSendTask - 定时器任务: 2022/02/19 21:56:20
2022-02-19 21:56:20.080 [scheduling-1] INFO  com.hz.task.MailSendTask - 消息列表: []
2022-02-19 21:56:30.003 [scheduling-1] INFO  com.hz.task.MailSendTask - 定时器任务: 2022/02/19 21:56:30
2022-02-19 21:56:30.573 [scheduling-1] INFO  com.hz.task.MailSendTask - 消息列表: []
2022-02-19 21:56:40.000 [scheduling-1] INFO  com.hz.task.MailSendTask - 定时器任务: 2022/02/19 21:56:40
2022-02-19 21:56:40.100 [scheduling-1] INFO  com.hz.task.MailSendTask - 消息列表: []
2022-02-19 21:56:50.004 [scheduling-1] INFO  com.hz.task.MailSendTask - 定时器任务: 2022/02/19 21:56:50
2022-02-19 21:56:50.092 [scheduling-1] INFO  com.hz.task.MailSendTask - 消息列表: []
2022-02-19 21:57:00.002 [scheduling-1] INFO  com.hz.task.MailSendTask - 定时器任务: 2022/02/19 21:57:00
2022-02-19 21:57:00.065 [scheduling-1] INFO  com.hz.task.MailSendTask - 消息列表: []
2022-02-19 21:57:10.003 [scheduling-1] INFO  com.hz.task.MailSendTask - 定时器任务: 2022/02/19 21:57:10
2022-02-19 21:57:10.066 [scheduling-1] INFO  com.hz.task.MailSendTask - 消息列表: []
2022-02-19 21:57:20.001 [scheduling-1] INFO  com.hz.task.MailSendTask - 定时器任务: 2022/02/19 21:57:20
2022-02-19 21:57:20.060 [scheduling-1] INFO  com.hz.task.MailSendTask - 消息列表: []
2022-02-19 21:57:30.003 [scheduling-1] INFO  com.hz.task.MailSendTask - 定时器任务: 2022/02/19 21:57:30
2022-02-19 21:57:30.163 [scheduling-1] INFO  com.hz.task.MailSendTask - 消息列表: []
2022-02-19 21:57:40.006 [scheduling-1] INFO  com.hz.task.MailSendTask - 定时器任务: 2022/02/19 21:57:40
2022-02-19 21:57:40.076 [scheduling-1] INFO  com.hz.task.MailSendTask - 消息列表: []
2022-02-19 21:57:50.001 [scheduling-1] INFO  com.hz.task.MailSendTask - 定时器任务: 2022/02/19 21:57:50
2022-02-19 21:57:50.064 [scheduling-1] INFO  com.hz.task.MailSendTask - 消息列表: []
2022-02-19 21:58:00.004 [scheduling-1] INFO  com.hz.task.MailSendTask - 定时器任务: 2022/02/19 21:58:00
2022-02-19 21:58:00.101 [scheduling-1] INFO  com.hz.task.MailSendTask - 消息列表: []
2022-02-19 21:58:10.004 [scheduling-1] INFO  com.hz.task.MailSendTask - 定时器任务: 2022/02/19 21:58:10
2022-02-19 21:58:10.075 [scheduling-1] INFO  com.hz.task.MailSendTask - 消息列表: []
2022-02-19 21:58:20.005 [scheduling-1] INFO  com.hz.task.MailSendTask - 定时器任务: 2022/02/19 21:58:20
2022-02-19 21:58:20.076 [scheduling-1] INFO  com.hz.task.MailSendTask - 消息列表: []
2022-02-19 21:58:30.005 [scheduling-1] INFO  com.hz.task.MailSendTask - 定时器任务: 2022/02/19 21:58:30
2022-02-19 21:58:30.077 [scheduling-1] INFO  com.hz.task.MailSendTask - 消息列表: []
2022-02-19 21:58:40.002 [scheduling-1] INFO  com.hz.task.MailSendTask - 定时器任务: 2022/02/19 21:58:40
2022-02-19 21:58:40.061 [scheduling-1] INFO  com.hz.task.MailSendTask - 消息列表: []
2022-02-19 21:58:50.006 [scheduling-1] INFO  com.hz.task.MailSendTask - 定时器任务: 2022/02/19 21:58:50
2022-02-19 21:58:50.071 [scheduling-1] INFO  com.hz.task.MailSendTask - 消息列表: []
2022-02-19 21:59:00.002 [scheduling-1] INFO  com.hz.task.MailSendTask - 定时器任务: 2022/02/19 21:59:00
2022-02-19 21:59:00.066 [scheduling-1] INFO  com.hz.task.MailSendTask - 消息列表: []
2022-02-19 21:59:10.004 [scheduling-1] INFO  com.hz.task.MailSendTask - 定时器任务: 2022/02/19 21:59:10
2022-02-19 21:59:10.083 [scheduling-1] INFO  com.hz.task.MailSendTask - 消息列表: []
2022-02-19 21:59:20.005 [scheduling-1] INFO  com.hz.task.MailSendTask - 定时器任务: 2022/02/19 21:59:20
2022-02-19 21:59:20.067 [scheduling-1] INFO  com.hz.task.MailSendTask - 消息列表: []
2022-02-19 21:59:30.003 [scheduling-1] INFO  com.hz.task.MailSendTask - 定时器任务: 2022/02/19 21:59:30
2022-02-19 21:59:30.080 [scheduling-1] INFO  com.hz.task.MailSendTask - 消息列表: []
2022-02-19 21:59:40.004 [scheduling-1] INFO  com.hz.task.MailSendTask - 定时器任务: 2022/02/19 21:59:40
2022-02-19 21:59:40.074 [scheduling-1] INFO  com.hz.task.MailSendTask - 消息列表: []
2022-02-19 21:59:49.999 [scheduling-1] INFO  com.hz.task.MailSendTask - 定时器任务: 2022/02/19 21:59:49
2022-02-19 21:59:50.073 [scheduling-1] INFO  com.hz.task.MailSendTask - 消息列表: []
2022-02-19 22:00:00.001 [scheduling-1] INFO  com.hz.task.MailSendTask - 定时器任务: 2022/02/19 22:00:00
2022-02-19 22:00:00.070 [scheduling-1] INFO  com.hz.task.MailSendTask - 消息列表: []
2022-02-19 22:00:10.001 [scheduling-1] INFO  com.hz.task.MailSendTask - 定时器任务: 2022/02/19 22:00:10
2022-02-19 22:00:10.075 [scheduling-1] INFO  com.hz.task.MailSendTask - 消息列表: []
2022-02-19 22:00:20.005 [scheduling-1] INFO  com.hz.task.MailSendTask - 定时器任务: 2022/02/19 22:00:20
2022-02-19 22:00:20.212 [scheduling-1] INFO  com.hz.task.MailSendTask - 消息列表: []
2022-02-19 22:00:30.005 [scheduling-1] INFO  com.hz.task.MailSendTask - 定时器任务: 2022/02/19 22:00:30
2022-02-19 22:00:30.073 [scheduling-1] INFO  com.hz.task.MailSendTask - 消息列表: []
2022-02-19 22:00:40.005 [scheduling-1] INFO  com.hz.task.MailSendTask - 定时器任务: 2022/02/19 22:00:40
2022-02-19 22:00:40.078 [scheduling-1] INFO  com.hz.task.MailSendTask - 消息列表: []
2022-02-19 22:00:50.002 [scheduling-1] INFO  com.hz.task.MailSendTask - 定时器任务: 2022/02/19 22:00:50
2022-02-19 22:00:50.074 [scheduling-1] INFO  com.hz.task.MailSendTask - 消息列表: []
2022-02-19 22:01:00.004 [scheduling-1] INFO  com.hz.task.MailSendTask - 定时器任务: 2022/02/19 22:01:00
2022-02-19 22:01:00.073 [scheduling-1] INFO  com.hz.task.MailSendTask - 消息列表: []
2022-02-19 22:01:10.004 [scheduling-1] INFO  com.hz.task.MailSendTask - 定时器任务: 2022/02/19 22:01:10
2022-02-19 22:01:10.077 [scheduling-1] INFO  com.hz.task.MailSendTask - 消息列表: []
2022-02-19 22:01:20.004 [scheduling-1] INFO  com.hz.task.MailSendTask - 定时器任务: 2022/02/19 22:01:20
2022-02-19 22:01:20.075 [scheduling-1] INFO  com.hz.task.MailSendTask - 消息列表: []
2022-02-19 22:01:30.003 [scheduling-1] INFO  com.hz.task.MailSendTask - 定时器任务: 2022/02/19 22:01:30
2022-02-19 22:01:30.069 [scheduling-1] INFO  com.hz.task.MailSendTask - 消息列表: []
2022-02-19 22:01:40.005 [scheduling-1] INFO  com.hz.task.MailSendTask - 定时器任务: 2022/02/19 22:01:40
2022-02-19 22:01:40.085 [scheduling-1] INFO  com.hz.task.MailSendTask - 消息列表: []
2022-02-19 22:01:50.004 [scheduling-1] INFO  com.hz.task.MailSendTask - 定时器任务: 2022/02/19 22:01:50
2022-02-19 22:01:50.075 [scheduling-1] INFO  com.hz.task.MailSendTask - 消息列表: []
2022-02-19 22:02:00.003 [scheduling-1] INFO  com.hz.task.MailSendTask - 定时器任务: 2022/02/19 22:02:00
2022-02-19 22:02:00.079 [scheduling-1] INFO  com.hz.task.MailSendTask - 消息列表: []
2022-02-19 22:02:10.002 [scheduling-1] INFO  com.hz.task.MailSendTask - 定时器任务: 2022/02/19 22:02:10
2022-02-19 22:02:10.062 [scheduling-1] INFO  com.hz.task.MailSendTask - 消息列表: []
2022-02-19 22:02:20.000 [scheduling-1] INFO  com.hz.task.MailSendTask - 定时器任务: 2022/02/19 22:02:20
2022-02-19 22:02:20.075 [scheduling-1] INFO  com.hz.task.MailSendTask - 消息列表: []
2022-02-19 22:02:30.006 [scheduling-1] INFO  com.hz.task.MailSendTask - 定时器任务: 2022/02/19 22:02:30
2022-02-19 22:02:30.073 [scheduling-1] INFO  com.hz.task.MailSendTask - 消息列表: []
2022-02-19 22:02:40.004 [scheduling-1] INFO  com.hz.task.MailSendTask - 定时器任务: 2022/02/19 22:02:40
2022-02-19 22:02:40.073 [scheduling-1] INFO  com.hz.task.MailSendTask - 消息列表: []
2022-02-19 22:02:50.003 [scheduling-1] INFO  com.hz.task.MailSendTask - 定时器任务: 2022/02/19 22:02:50
2022-02-19 22:02:50.065 [scheduling-1] INFO  com.hz.task.MailSendTask - 消息列表: []
2022-02-19 22:03:00.001 [scheduling-1] INFO  com.hz.task.MailSendTask - 定时器任务: 2022/02/19 22:03:00
2022-02-19 22:03:00.067 [scheduling-1] INFO  com.hz.task.MailSendTask - 消息列表: []
2022-02-19 22:03:10.001 [scheduling-1] INFO  com.hz.task.MailSendTask - 定时器任务: 2022/02/19 22:03:10
2022-02-19 22:03:10.084 [scheduling-1] INFO  com.hz.task.MailSendTask - 消息列表: []
2022-02-19 22:03:20.005 [scheduling-1] INFO  com.hz.task.MailSendTask - 定时器任务: 2022/02/19 22:03:20
2022-02-19 22:03:20.073 [scheduling-1] INFO  com.hz.task.MailSendTask - 消息列表: []
2022-02-19 22:03:30.003 [scheduling-1] INFO  com.hz.task.MailSendTask - 定时器任务: 2022/02/19 22:03:30
2022-02-19 22:03:30.068 [scheduling-1] INFO  com.hz.task.MailSendTask - 消息列表: []
2022-02-19 22:03:40.006 [scheduling-1] INFO  com.hz.task.MailSendTask - 定时器任务: 2022/02/19 22:03:40
2022-02-19 22:03:40.071 [scheduling-1] INFO  com.hz.task.MailSendTask - 消息列表: []
2022-02-19 22:03:50.005 [scheduling-1] INFO  com.hz.task.MailSendTask - 定时器任务: 2022/02/19 22:03:50
2022-02-19 22:03:50.081 [scheduling-1] INFO  com.hz.task.MailSendTask - 消息列表: []
2022-02-19 22:04:00.004 [scheduling-1] INFO  com.hz.task.MailSendTask - 定时器任务: 2022/02/19 22:04:00
2022-02-19 22:04:00.068 [scheduling-1] INFO  com.hz.task.MailSendTask - 消息列表: []
2022-02-19 22:04:10.001 [scheduling-1] INFO  com.hz.task.MailSendTask - 定时器任务: 2022/02/19 22:04:10
2022-02-19 22:04:10.064 [scheduling-1] INFO  com.hz.task.MailSendTask - 消息列表: []
2022-02-19 22:04:20.003 [scheduling-1] INFO  com.hz.task.MailSendTask - 定时器任务: 2022/02/19 22:04:20
2022-02-19 22:04:20.085 [scheduling-1] INFO  com.hz.task.MailSendTask - 消息列表: []
2022-02-19 22:04:30.010 [scheduling-1] INFO  com.hz.task.MailSendTask - 定时器任务: 2022/02/19 22:04:30
2022-02-19 22:04:30.075 [scheduling-1] INFO  com.hz.task.MailSendTask - 消息列表: []
2022-02-19 22:04:40.001 [scheduling-1] INFO  com.hz.task.MailSendTask - 定时器任务: 2022/02/19 22:04:40
2022-02-19 22:04:40.070 [scheduling-1] INFO  com.hz.task.MailSendTask - 消息列表: []
2022-02-19 22:13:50.326 [scheduling-1] INFO  com.hz.task.MailSendTask - 定时器任务: 2022/02/19 22:13:50
2022-02-19 22:13:53.559 [scheduling-1] INFO  com.hz.task.MailSendTask - 消息列表: []
2022-02-19 22:14:00.005 [scheduling-1] INFO  com.hz.task.MailSendTask - 定时器任务: 2022/02/19 22:14:00
2022-02-19 22:14:00.438 [scheduling-1] INFO  com.hz.task.MailSendTask - 消息列表: []
2022-02-19 22:14:10.008 [scheduling-1] INFO  com.hz.task.MailSendTask - 定时器任务: 2022/02/19 22:14:10
2022-02-19 22:14:10.115 [scheduling-1] INFO  com.hz.task.MailSendTask - 消息列表: []
2022-02-19 22:19:44.824 [scheduling-1] INFO  com.hz.task.MailSendTask - 定时器任务: 2022/02/19 22:19:44
2022-02-19 22:19:44.795 [scheduling-1] INFO  com.hz.task.MailSendTask - 消息列表: []
2022-02-19 22:19:50.004 [scheduling-1] INFO  com.hz.task.MailSendTask - 定时器任务: 2022/02/19 22:19:50
2022-02-19 22:19:50.075 [scheduling-1] INFO  com.hz.task.MailSendTask - 消息列表: []
2022-02-19 22:19:59.119 [simpleMessageListenerContainer-1] INFO  o.s.a.r.listener.SimpleMessageListenerContainer - Restarting Consumer@2f822816: tags=[[amq.ctag-7b14ArBnmL0I5-AIUYb7Qg, amq.ctag-DA4FgpWcmgS0GiiI1WqLEA]], channel=Cached Rabbit Channel: PublisherCallbackChannelImpl: AMQChannel(amqp://hz@8.142.46.67:5672/,1), conn: Proxy@1dfc14c5 Shared Rabbit Connection: SimpleConnection@7914aa0c [delegate=amqp://hz@8.142.46.67:5672/, localPort= 52167], acknowledgeMode=MANUAL local queue size=0
2022-02-19 22:19:59.122 [simpleMessageListenerContainer-2] INFO  o.s.a.rabbit.connection.CachingConnectionFactory - Attempting to connect to: [8.142.46.67:5672]
2022-02-19 22:19:59.272 [simpleMessageListenerContainer-2] INFO  o.s.a.rabbit.connection.CachingConnectionFactory - Created new connection: rabbitConnectionFactory#4f1f6d6b:1/SimpleConnection@31643861 [delegate=amqp://hz@8.142.46.67:5672/, localPort= 52341]
2022-02-19 22:20:00.001 [scheduling-1] INFO  com.hz.task.MailSendTask - 定时器任务: 2022/02/19 22:20:00
2022-02-19 22:20:00.072 [scheduling-1] INFO  com.hz.task.MailSendTask - 消息列表: []
2022-02-19 22:20:10.001 [scheduling-1] INFO  com.hz.task.MailSendTask - 定时器任务: 2022/02/19 22:20:10
2022-02-19 22:20:10.084 [scheduling-1] INFO  com.hz.task.MailSendTask - 消息列表: []
2022-02-19 22:20:20.011 [scheduling-1] INFO  com.hz.task.MailSendTask - 定时器任务: 2022/02/19 22:20:20
2022-02-19 22:20:20.086 [scheduling-1] INFO  com.hz.task.MailSendTask - 消息列表: []
2022-02-19 22:22:50.520 [scheduling-1] INFO  com.hz.task.MailSendTask - 定时器任务: 2022/02/19 22:22:50
2022-02-19 22:22:50.621 [scheduling-1] INFO  com.hz.task.MailSendTask - 消息列表: []
2022-02-19 22:22:59.384 [simpleMessageListenerContainer-2] INFO  o.s.a.r.listener.SimpleMessageListenerContainer - Restarting Consumer@71183d3e: tags=[[amq.ctag-VZGGwnDcROB34RfEGysffQ, amq.ctag-idA6JExtcBDcL-q5PkPKiw]], channel=Cached Rabbit Channel: PublisherCallbackChannelImpl: AMQChannel(amqp://hz@8.142.46.67:5672/,2), conn: Proxy@1dfc14c5 Shared Rabbit Connection: SimpleConnection@31643861 [delegate=amqp://hz@8.142.46.67:5672/, localPort= 52341], acknowledgeMode=MANUAL local queue size=0
2022-02-19 22:22:59.402 [simpleMessageListenerContainer-3] INFO  o.s.a.rabbit.connection.CachingConnectionFactory - Attempting to connect to: [8.142.46.67:5672]
2022-02-19 22:22:59.468 [simpleMessageListenerContainer-3] INFO  o.s.a.rabbit.connection.CachingConnectionFactory - Created new connection: rabbitConnectionFactory#4f1f6d6b:2/SimpleConnection@7bacf1e7 [delegate=amqp://hz@8.142.46.67:5672/, localPort= 52358]
2022-02-19 22:23:00.004 [scheduling-1] INFO  com.hz.task.MailSendTask - 定时器任务: 2022/02/19 22:23:00
2022-02-19 22:23:00.085 [scheduling-1] INFO  com.hz.task.MailSendTask - 消息列表: []
2022-02-19 22:23:09.999 [scheduling-1] INFO  com.hz.task.MailSendTask - 定时器任务: 2022/02/19 22:23:09
2022-02-19 22:23:10.075 [scheduling-1] INFO  com.hz.task.MailSendTask - 消息列表: []
2022-02-19 22:28:02.862 [scheduling-1] INFO  com.hz.task.MailSendTask - 定时器任务: 2022/02/19 22:28:02
2022-02-19 22:28:04.140 [scheduling-1] INFO  com.hz.task.MailSendTask - 消息列表: []
2022-02-19 22:28:10.007 [scheduling-1] INFO  com.hz.task.MailSendTask - 定时器任务: 2022/02/19 22:28:10
2022-02-19 22:28:10.073 [scheduling-1] INFO  com.hz.task.MailSendTask - 消息列表: []
2022-02-19 22:28:20.006 [scheduling-1] INFO  com.hz.task.MailSendTask - 定时器任务: 2022/02/19 22:28:20
2022-02-19 22:28:20.088 [scheduling-1] INFO  com.hz.task.MailSendTask - 消息列表: []
